[debug] [2020-12-25T02:53:30.753Z] ----------------------------------------------------------------------
[debug] [2020-12-25T02:53:30.756Z] Command:       /home/marc/.nvm/versions/node/v12.18.3/bin/node /home/marc/.nvm/versions/node/v12.18.3/bin/firebase emulators:start
[debug] [2020-12-25T02:53:30.756Z] CLI Version:   9.1.0
[debug] [2020-12-25T02:53:30.756Z] Platform:      linux
[debug] [2020-12-25T02:53:30.757Z] Node Version:  v12.18.3
[debug] [2020-12-25T02:53:30.802Z] Time:          Thu Dec 24 2020 23:53:30 GMT-0300 (GMT-03:00)
[debug] [2020-12-25T02:53:30.803Z] ----------------------------------------------------------------------
[debug] [2020-12-25T02:53:30.803Z] 
[debug] [2020-12-25T02:53:30.858Z] > command requires scopes: ["email","openid","https://www.googleapis.com/auth/cloudplatformprojects.readonly","https://www.googleapis.com/auth/firebase","https://www.googleapis.com/auth/cloud-platform"]
[debug] [2020-12-25T02:53:30.859Z] > authorizing via signed-in user
[info] i  emulators: Starting emulators: functions, hosting {"metadata":{"emulator":{"name":"hub"},"message":"Starting emulators: functions, hosting"}}
[debug] [2020-12-25T02:53:30.945Z] [hub] writing locator at /tmp/hub-ui-1d15d.json
[warn] ⚠  functions: The following emulators are not running, calls to these services from the Functions emulator will affect production: auth, firestore, database, pubsub {"metadata":{"emulator":{"name":"functions"},"message":"The following emulators are not running, calls to these services from the Functions emulator will affect production: \u001b[1mauth, firestore, database, pubsub\u001b[22m"}}
[info] ✔  functions: Using node@12 from host. {"metadata":{"emulator":{"name":"functions"},"message":"Using node@12 from host."}}
[debug] [2020-12-25T02:53:31.378Z] defaultcredentials: writing to file /home/marc/.config/firebase/marcelopgm65_gmail_com_application_default_credentials.json
[debug] [2020-12-25T02:53:31.383Z] Setting GAC to /home/marc/.config/firebase/marcelopgm65_gmail_com_application_default_credentials.json {"metadata":{"emulator":{"name":"functions"},"message":"Setting GAC to /home/marc/.config/firebase/marcelopgm65_gmail_com_application_default_credentials.json"}}
[debug] [2020-12-25T02:53:31.439Z] >>> HTTP REQUEST GET https://firebase.googleapis.com/v1beta1/projects/ui-1d15d/webApps/-/config  
 
[debug] [2020-12-25T02:53:33.207Z] <<< HTTP RESPONSE 200 {"content-type":"application/json; charset=UTF-8","vary":"X-Origin, Referer, Origin,Accept-Encoding","date":"Fri, 25 Dec 2020 02:53:33 GMT","server":"ESF","cache-control":"private","x-xss-protection":"0","x-frame-options":"SAMEORIGIN","x-content-type-options":"nosniff","alt-svc":"h3-29=\":443\"; ma=2592000,h3-T051=\":443\"; ma=2592000,h3-Q050=\":443\"; ma=2592000,h3-Q046=\":443\"; ma=2592000,h3-Q043=\":443\"; ma=2592000,quic=\":443\"; ma=2592000; v=\"46,43\"","accept-ranges":"none","transfer-encoding":"chunked"}
[info] i  hosting: Serving hosting files from: build {"metadata":{"emulator":{"name":"hosting"},"message":"Serving hosting files from: \u001b[1mbuild\u001b[22m"}}
[info] ✔  hosting: Local server: http://localhost:5000 {"metadata":{"emulator":{"name":"hosting"},"message":"Local server: \u001b[4m\u001b[1mhttp://localhost:5000\u001b[22m\u001b[24m"}}
[info] i  ui: downloading ui-v1.4.1.zip... {"metadata":{"emulator":{"name":"ui"},"message":"downloading ui-v1.4.1.zip..."}}
[debug] [2020-12-25T02:53:33.309Z] >>> [apiv2][query] GET https://storage.googleapis.com/firebase-preview-drop/emulator/ui-v1.4.1.zip [none]
[debug] [2020-12-25T02:53:33.916Z] <<< [apiv2][status] GET https://storage.googleapis.com/firebase-preview-drop/emulator/ui-v1.4.1.zip 200
[debug] [2020-12-25T02:53:33.917Z] <<< [apiv2][body] GET https://storage.googleapis.com/firebase-preview-drop/emulator/ui-v1.4.1.zip [stream]
[debug] [2020-12-25T02:53:34.887Z] Ignoring unsupported arg: auto_download {"metadata":{"emulator":{"name":"ui"},"message":"Ignoring unsupported arg: auto_download"}}
[debug] [2020-12-25T02:53:34.888Z] Ignoring unsupported arg: port {"metadata":{"emulator":{"name":"ui"},"message":"Ignoring unsupported arg: port"}}
[debug] [2020-12-25T02:53:34.888Z] Starting Emulator UI with command {"binary":"node","args":["/home/marc/.cache/firebase/emulators/ui-v1.4.1/server.bundle.js"],"optionalArgs":[],"joinArgs":false} {"metadata":{"emulator":{"name":"ui"},"message":"Starting Emulator UI with command {\"binary\":\"node\",\"args\":[\"/home/marc/.cache/firebase/emulators/ui-v1.4.1/server.bundle.js\"],\"optionalArgs\":[],\"joinArgs\":false}"}}
[info] i  ui: Emulator UI logging to ui-debug.log {"metadata":{"emulator":{"name":"ui"},"message":"Emulator UI logging to \u001b[1mui-debug.log\u001b[22m"}}
[debug] [2020-12-25T02:53:35.020Z] Web / API server started at http://localhost:4000
 {"metadata":{"emulator":{"name":"ui"},"message":"Web / API server started at http://localhost:4000\n"}}
[info] i  functions: Watching "/home/marc/amazon/functions" for Cloud Functions... {"metadata":{"emulator":{"name":"functions"},"message":"Watching \"/home/marc/amazon/functions\" for Cloud Functions..."}}
[debug] [2020-12-25T02:53:35.188Z] [worker-pool] addWorker(~diagnostic~) {"metadata":{"emulator":{"name":"functions"},"message":"[worker-pool] addWorker(~diagnostic~)"}}
[debug] [2020-12-25T02:53:35.189Z] [worker-pool] Adding worker with key ~diagnostic~, total=1 {"metadata":{"emulator":{"name":"functions"},"message":"[worker-pool] Adding worker with key ~diagnostic~, total=1"}}
[debug] [2020-12-25T02:53:35.189Z] [worker-pool] submitWork(triggerId=) {"metadata":{"emulator":{"name":"functions"},"message":"[worker-pool] submitWork(triggerId=)"}}
[debug] [2020-12-25T02:53:35.189Z] [worker-~diagnostic~-98945995-9989-43af-8bfd-00ff4202a9af]: Assigning socketPath: /tmp/fire_emu_34098.sock {"metadata":{"emulator":{"name":"functions"},"message":"[worker-~diagnostic~-98945995-9989-43af-8bfd-00ff4202a9af]: Assigning socketPath: /tmp/fire_emu_34098.sock"}}
[debug] [2020-12-25T02:53:35.190Z] [worker-~diagnostic~-98945995-9989-43af-8bfd-00ff4202a9af]: BUSY {"metadata":{"emulator":{"name":"functions"},"message":"[worker-~diagnostic~-98945995-9989-43af-8bfd-00ff4202a9af]: BUSY"}}
[debug] [2020-12-25T02:53:35.404Z] [runtime-status] [34098] Functions runtime initialized. {"cwd":"/home/marc/amazon/functions","node_version":"12.18.3"} {"metadata":{"emulator":{"name":"functions"},"message":"[runtime-status] [34098] Functions runtime initialized. {\"cwd\":\"/home/marc/amazon/functions\",\"node_version\":\"12.18.3\"}"}}
[debug] [2020-12-25T02:53:35.405Z] [runtime-status] [34098] Disabled runtime features: undefined {"metadata":{"emulator":{"name":"functions"},"message":"[runtime-status] [34098] Disabled runtime features: undefined"}}
[debug] [2020-12-25T02:53:35.455Z] [runtime-status] [34098] Resolved module firebase-admin {"declared":true,"installed":true,"version":"9.4.2","resolution":"/home/marc/amazon/functions/node_modules/firebase-admin/lib/index.js"} {"metadata":{"emulator":{"name":"functions"},"message":"[runtime-status] [34098] Resolved module firebase-admin {\"declared\":true,\"installed\":true,\"version\":\"9.4.2\",\"resolution\":\"/home/marc/amazon/functions/node_modules/firebase-admin/lib/index.js\"}"}}
[debug] [2020-12-25T02:53:35.485Z] [runtime-status] [34098] Resolved module firebase-functions {"declared":true,"installed":true,"version":"3.13.0","resolution":"/home/marc/amazon/functions/node_modules/firebase-functions/lib/index.js"} {"metadata":{"emulator":{"name":"functions"},"message":"[runtime-status] [34098] Resolved module firebase-functions {\"declared\":true,\"installed\":true,\"version\":\"3.13.0\",\"resolution\":\"/home/marc/amazon/functions/node_modules/firebase-functions/lib/index.js\"}"}}
[debug] [2020-12-25T02:53:35.488Z] [runtime-status] [34098] Resolved module firebase-functions {"declared":true,"installed":true,"version":"3.13.0","resolution":"/home/marc/amazon/functions/node_modules/firebase-functions/lib/index.js"} {"metadata":{"emulator":{"name":"functions"},"message":"[runtime-status] [34098] Resolved module firebase-functions {\"declared\":true,\"installed\":true,\"version\":\"3.13.0\",\"resolution\":\"/home/marc/amazon/functions/node_modules/firebase-functions/lib/index.js\"}"}}
[debug] [2020-12-25T02:53:35.490Z] [runtime-status] [34098] Outgoing network have been stubbed. [{"name":"http","status":"mocked"},{"name":"http","status":"mocked"},{"name":"https","status":"mocked"},{"name":"https","status":"mocked"},{"name":"net","status":"mocked"}] {"metadata":{"emulator":{"name":"functions"},"message":"[runtime-status] [34098] Outgoing network have been stubbed. [{\"name\":\"http\",\"status\":\"mocked\"},{\"name\":\"http\",\"status\":\"mocked\"},{\"name\":\"https\",\"status\":\"mocked\"},{\"name\":\"https\",\"status\":\"mocked\"},{\"name\":\"net\",\"status\":\"mocked\"}]"}}
[debug] [2020-12-25T02:53:35.491Z] [runtime-status] [34098] Resolved module firebase-functions {"declared":true,"installed":true,"version":"3.13.0","resolution":"/home/marc/amazon/functions/node_modules/firebase-functions/lib/index.js"} {"metadata":{"emulator":{"name":"functions"},"message":"[runtime-status] [34098] Resolved module firebase-functions {\"declared\":true,\"installed\":true,\"version\":\"3.13.0\",\"resolution\":\"/home/marc/amazon/functions/node_modules/firebase-functions/lib/index.js\"}"}}
[debug] [2020-12-25T02:53:35.956Z] [runtime-status] [34098] Checked functions.config() {"config":{}} {"metadata":{"emulator":{"name":"functions"},"message":"[runtime-status] [34098] Checked functions.config() {\"config\":{}}"}}
[debug] [2020-12-25T02:53:35.956Z] [runtime-status] [34098] firebase-functions has been stubbed. {"functionsResolution":{"declared":true,"installed":true,"version":"3.13.0","resolution":"/home/marc/amazon/functions/node_modules/firebase-functions/lib/index.js"}} {"metadata":{"emulator":{"name":"functions"},"message":"[runtime-status] [34098] firebase-functions has been stubbed. {\"functionsResolution\":{\"declared\":true,\"installed\":true,\"version\":\"3.13.0\",\"resolution\":\"/home/marc/amazon/functions/node_modules/firebase-functions/lib/index.js\"}}"}}
[debug] [2020-12-25T02:53:35.958Z] [runtime-status] [34098] Resolved module firebase-functions {"declared":true,"installed":true,"version":"3.13.0","resolution":"/home/marc/amazon/functions/node_modules/firebase-functions/lib/index.js"} {"metadata":{"emulator":{"name":"functions"},"message":"[runtime-status] [34098] Resolved module firebase-functions {\"declared\":true,\"installed\":true,\"version\":\"3.13.0\",\"resolution\":\"/home/marc/amazon/functions/node_modules/firebase-functions/lib/index.js\"}"}}
[debug] [2020-12-25T02:53:35.959Z] [runtime-status] [34098] Resolved module firebase-admin {"declared":true,"installed":true,"version":"9.4.2","resolution":"/home/marc/amazon/functions/node_modules/firebase-admin/lib/index.js"} {"metadata":{"emulator":{"name":"functions"},"message":"[runtime-status] [34098] Resolved module firebase-admin {\"declared\":true,\"installed\":true,\"version\":\"9.4.2\",\"resolution\":\"/home/marc/amazon/functions/node_modules/firebase-admin/lib/index.js\"}"}}
[debug] [2020-12-25T02:53:35.959Z] [runtime-status] [34098] Resolved module firebase-functions {"declared":true,"installed":true,"version":"3.13.0","resolution":"/home/marc/amazon/functions/node_modules/firebase-functions/lib/index.js"} {"metadata":{"emulator":{"name":"functions"},"message":"[runtime-status] [34098] Resolved module firebase-functions {\"declared\":true,\"installed\":true,\"version\":\"3.13.0\",\"resolution\":\"/home/marc/amazon/functions/node_modules/firebase-functions/lib/index.js\"}"}}
[debug] [2020-12-25T02:53:35.964Z] [runtime-status] [34098] firebase-admin has been stubbed. {"adminResolution":{"declared":true,"installed":true,"version":"9.4.2","resolution":"/home/marc/amazon/functions/node_modules/firebase-admin/lib/index.js"}} {"metadata":{"emulator":{"name":"functions"},"message":"[runtime-status] [34098] firebase-admin has been stubbed. {\"adminResolution\":{\"declared\":true,\"installed\":true,\"version\":\"9.4.2\",\"resolution\":\"/home/marc/amazon/functions/node_modules/firebase-admin/lib/index.js\"}}"}}
[info] ✔  functions[api]: http function initialized (http://localhost:5001/ui-1d15d/us-central1/api). {"metadata":{"emulator":{"name":"functions"},"message":"\u001b[1mhttp\u001b[22m function initialized (http://localhost:5001/ui-1d15d/us-central1/api)."}}
[info] 
┌─────────────────────────────────────────────────────────────┐
│ ✔  All emulators ready! It is now safe to connect your app. │
│ i  View Emulator UI at http://localhost:4000                │
└─────────────────────────────────────────────────────────────┘

┌───────────┬────────────────┬─────────────────────────────────┐
│ Emulator  │ Host:Port      │ View in Emulator UI             │
├───────────┼────────────────┼─────────────────────────────────┤
│ Functions │ localhost:5001 │ http://localhost:4000/functions │
├───────────┼────────────────┼─────────────────────────────────┤
│ Hosting   │ localhost:5000 │ n/a                             │
└───────────┴────────────────┴─────────────────────────────────┘
  Emulator Hub running at localhost:4400
  Other reserved ports: 4500

Issues? Report them at https://github.com/firebase/firebase-tools/issues and attach the *-debug.log files.
 
[debug] [2020-12-25T02:53:37.618Z] [worker-~diagnostic~-98945995-9989-43af-8bfd-00ff4202a9af]: IDLE {"metadata":{"emulator":{"name":"functions"},"message":"[worker-~diagnostic~-98945995-9989-43af-8bfd-00ff4202a9af]: IDLE"}}
[debug] [2020-12-25T02:57:02.763Z] File /home/marc/amazon/functions/index.js changed, reloading triggers {"metadata":{"emulator":{"name":"functions"},"message":"File /home/marc/amazon/functions/index.js changed, reloading triggers"}}
[debug] [2020-12-25T02:57:03.764Z] [worker-pool] Shutting down IDLE worker (~diagnostic~) {"metadata":{"emulator":{"name":"functions"},"message":"[worker-pool] Shutting down IDLE worker (~diagnostic~)"}}
[debug] [2020-12-25T02:57:03.765Z] [worker-~diagnostic~-98945995-9989-43af-8bfd-00ff4202a9af]: FINISHING {"metadata":{"emulator":{"name":"functions"},"message":"[worker-~diagnostic~-98945995-9989-43af-8bfd-00ff4202a9af]: FINISHING"}}
[debug] [2020-12-25T02:57:03.773Z] [worker-pool] addWorker(~diagnostic~) {"metadata":{"emulator":{"name":"functions"},"message":"[worker-pool] addWorker(~diagnostic~)"}}
[debug] [2020-12-25T02:57:03.773Z] [worker-pool] Adding worker with key ~diagnostic~, total=2 {"metadata":{"emulator":{"name":"functions"},"message":"[worker-pool] Adding worker with key ~diagnostic~, total=2"}}
[debug] [2020-12-25T02:57:03.774Z] [worker-pool] submitWork(triggerId=) {"metadata":{"emulator":{"name":"functions"},"message":"[worker-pool] submitWork(triggerId=)"}}
[debug] [2020-12-25T02:57:03.774Z] [worker-~diagnostic~-bfae7557-5a4c-4fc7-9779-3620dd2aef4d]: Assigning socketPath: /tmp/fire_emu_34298.sock {"metadata":{"emulator":{"name":"functions"},"message":"[worker-~diagnostic~-bfae7557-5a4c-4fc7-9779-3620dd2aef4d]: Assigning socketPath: /tmp/fire_emu_34298.sock"}}
[debug] [2020-12-25T02:57:03.774Z] [worker-~diagnostic~-bfae7557-5a4c-4fc7-9779-3620dd2aef4d]: BUSY {"metadata":{"emulator":{"name":"functions"},"message":"[worker-~diagnostic~-bfae7557-5a4c-4fc7-9779-3620dd2aef4d]: BUSY"}}
[debug] [2020-12-25T02:57:03.776Z] [worker-~diagnostic~-98945995-9989-43af-8bfd-00ff4202a9af]: exited {"metadata":{"emulator":{"name":"functions"},"message":"[worker-~diagnostic~-98945995-9989-43af-8bfd-00ff4202a9af]: exited"}}
[debug] [2020-12-25T02:57:03.776Z] [worker-~diagnostic~-98945995-9989-43af-8bfd-00ff4202a9af]: FINISHED {"metadata":{"emulator":{"name":"functions"},"message":"[worker-~diagnostic~-98945995-9989-43af-8bfd-00ff4202a9af]: FINISHED"}}
[debug] [2020-12-25T02:57:03.922Z] [runtime-status] [34298] Functions runtime initialized. {"cwd":"/home/marc/amazon/functions","node_version":"12.18.3"} {"metadata":{"emulator":{"name":"functions"},"message":"[runtime-status] [34298] Functions runtime initialized. {\"cwd\":\"/home/marc/amazon/functions\",\"node_version\":\"12.18.3\"}"}}
[debug] [2020-12-25T02:57:03.923Z] [runtime-status] [34298] Disabled runtime features: undefined {"metadata":{"emulator":{"name":"functions"},"message":"[runtime-status] [34298] Disabled runtime features: undefined"}}
[debug] [2020-12-25T02:57:03.926Z] [runtime-status] [34298] Resolved module firebase-admin {"declared":true,"installed":true,"version":"9.4.2","resolution":"/home/marc/amazon/functions/node_modules/firebase-admin/lib/index.js"} {"metadata":{"emulator":{"name":"functions"},"message":"[runtime-status] [34298] Resolved module firebase-admin {\"declared\":true,\"installed\":true,\"version\":\"9.4.2\",\"resolution\":\"/home/marc/amazon/functions/node_modules/firebase-admin/lib/index.js\"}"}}
[debug] [2020-12-25T02:57:03.927Z] [runtime-status] [34298] Resolved module firebase-functions {"declared":true,"installed":true,"version":"3.13.0","resolution":"/home/marc/amazon/functions/node_modules/firebase-functions/lib/index.js"} {"metadata":{"emulator":{"name":"functions"},"message":"[runtime-status] [34298] Resolved module firebase-functions {\"declared\":true,\"installed\":true,\"version\":\"3.13.0\",\"resolution\":\"/home/marc/amazon/functions/node_modules/firebase-functions/lib/index.js\"}"}}
[debug] [2020-12-25T02:57:03.927Z] [runtime-status] [34298] Resolved module firebase-functions {"declared":true,"installed":true,"version":"3.13.0","resolution":"/home/marc/amazon/functions/node_modules/firebase-functions/lib/index.js"} {"metadata":{"emulator":{"name":"functions"},"message":"[runtime-status] [34298] Resolved module firebase-functions {\"declared\":true,\"installed\":true,\"version\":\"3.13.0\",\"resolution\":\"/home/marc/amazon/functions/node_modules/firebase-functions/lib/index.js\"}"}}
[debug] [2020-12-25T02:57:03.931Z] [runtime-status] [34298] Outgoing network have been stubbed. [{"name":"http","status":"mocked"},{"name":"http","status":"mocked"},{"name":"https","status":"mocked"},{"name":"https","status":"mocked"},{"name":"net","status":"mocked"}] {"metadata":{"emulator":{"name":"functions"},"message":"[runtime-status] [34298] Outgoing network have been stubbed. [{\"name\":\"http\",\"status\":\"mocked\"},{\"name\":\"http\",\"status\":\"mocked\"},{\"name\":\"https\",\"status\":\"mocked\"},{\"name\":\"https\",\"status\":\"mocked\"},{\"name\":\"net\",\"status\":\"mocked\"}]"}}
[debug] [2020-12-25T02:57:03.931Z] [runtime-status] [34298] Resolved module firebase-functions {"declared":true,"installed":true,"version":"3.13.0","resolution":"/home/marc/amazon/functions/node_modules/firebase-functions/lib/index.js"} {"metadata":{"emulator":{"name":"functions"},"message":"[runtime-status] [34298] Resolved module firebase-functions {\"declared\":true,\"installed\":true,\"version\":\"3.13.0\",\"resolution\":\"/home/marc/amazon/functions/node_modules/firebase-functions/lib/index.js\"}"}}
[debug] [2020-12-25T02:57:03.969Z] [runtime-status] [34298] Checked functions.config() {"config":{}} {"metadata":{"emulator":{"name":"functions"},"message":"[runtime-status] [34298] Checked functions.config() {\"config\":{}}"}}
[debug] [2020-12-25T02:57:03.969Z] [runtime-status] [34298] firebase-functions has been stubbed. {"functionsResolution":{"declared":true,"installed":true,"version":"3.13.0","resolution":"/home/marc/amazon/functions/node_modules/firebase-functions/lib/index.js"}} {"metadata":{"emulator":{"name":"functions"},"message":"[runtime-status] [34298] firebase-functions has been stubbed. {\"functionsResolution\":{\"declared\":true,\"installed\":true,\"version\":\"3.13.0\",\"resolution\":\"/home/marc/amazon/functions/node_modules/firebase-functions/lib/index.js\"}}"}}
[debug] [2020-12-25T02:57:03.971Z] [runtime-status] [34298] Resolved module firebase-functions {"declared":true,"installed":true,"version":"3.13.0","resolution":"/home/marc/amazon/functions/node_modules/firebase-functions/lib/index.js"} {"metadata":{"emulator":{"name":"functions"},"message":"[runtime-status] [34298] Resolved module firebase-functions {\"declared\":true,\"installed\":true,\"version\":\"3.13.0\",\"resolution\":\"/home/marc/amazon/functions/node_modules/firebase-functions/lib/index.js\"}"}}
[debug] [2020-12-25T02:57:03.971Z] [runtime-status] [34298] Resolved module firebase-admin {"declared":true,"installed":true,"version":"9.4.2","resolution":"/home/marc/amazon/functions/node_modules/firebase-admin/lib/index.js"} {"metadata":{"emulator":{"name":"functions"},"message":"[runtime-status] [34298] Resolved module firebase-admin {\"declared\":true,\"installed\":true,\"version\":\"9.4.2\",\"resolution\":\"/home/marc/amazon/functions/node_modules/firebase-admin/lib/index.js\"}"}}
[debug] [2020-12-25T02:57:03.972Z] [runtime-status] [34298] Resolved module firebase-functions {"declared":true,"installed":true,"version":"3.13.0","resolution":"/home/marc/amazon/functions/node_modules/firebase-functions/lib/index.js"} {"metadata":{"emulator":{"name":"functions"},"message":"[runtime-status] [34298] Resolved module firebase-functions {\"declared\":true,\"installed\":true,\"version\":\"3.13.0\",\"resolution\":\"/home/marc/amazon/functions/node_modules/firebase-functions/lib/index.js\"}"}}
[debug] [2020-12-25T02:57:03.972Z] [runtime-status] [34298] firebase-admin has been stubbed. {"adminResolution":{"declared":true,"installed":true,"version":"9.4.2","resolution":"/home/marc/amazon/functions/node_modules/firebase-admin/lib/index.js"}} {"metadata":{"emulator":{"name":"functions"},"message":"[runtime-status] [34298] firebase-admin has been stubbed. {\"adminResolution\":{\"declared\":true,\"installed\":true,\"version\":\"9.4.2\",\"resolution\":\"/home/marc/amazon/functions/node_modules/firebase-admin/lib/index.js\"}}"}}
[debug] [2020-12-25T02:57:04.071Z] [worker-~diagnostic~-bfae7557-5a4c-4fc7-9779-3620dd2aef4d]: IDLE {"metadata":{"emulator":{"name":"functions"},"message":"[worker-~diagnostic~-bfae7557-5a4c-4fc7-9779-3620dd2aef4d]: IDLE"}}
[debug] [2020-12-25T02:57:11.024Z] [work-queue] {"queueLength":1,"workRunningCount":0}
[debug] [2020-12-25T02:57:11.025Z] [work-queue] {"queueLength":0,"workRunningCount":1}
[debug] [2020-12-25T02:57:11.025Z] Accepted request GET /ui-1d15d/us-central1/api --> api
[debug] [2020-12-25T02:57:11.026Z] [worker-pool] Cleaned up workers for ~diagnostic~: 2 --> 1 {"metadata":{"emulator":{"name":"functions"},"message":"[worker-pool] Cleaned up workers for ~diagnostic~: 2 --> 1"}}
[debug] [2020-12-25T02:57:11.032Z] [worker-pool] addWorker(api) {"metadata":{"emulator":{"name":"functions"},"message":"[worker-pool] addWorker(api)"}}
[debug] [2020-12-25T02:57:11.033Z] [worker-pool] Adding worker with key api, total=1 {"metadata":{"emulator":{"name":"functions"},"message":"[worker-pool] Adding worker with key api, total=1"}}
[debug] [2020-12-25T02:57:11.033Z] [worker-pool] submitWork(triggerId=api) {"metadata":{"emulator":{"name":"functions"},"message":"[worker-pool] submitWork(triggerId=api)"}}
[debug] [2020-12-25T02:57:11.033Z] [worker-api-dbf54d94-48d1-4aa9-be59-92b8b51a9d8d]: Assigning socketPath: /tmp/fire_emu_34381.sock {"metadata":{"emulator":{"name":"functions"},"message":"[worker-api-dbf54d94-48d1-4aa9-be59-92b8b51a9d8d]: Assigning socketPath: /tmp/fire_emu_34381.sock"}}
[debug] [2020-12-25T02:57:11.033Z] [worker-api-dbf54d94-48d1-4aa9-be59-92b8b51a9d8d]: BUSY {"metadata":{"emulator":{"name":"functions"},"message":"[worker-api-dbf54d94-48d1-4aa9-be59-92b8b51a9d8d]: BUSY"}}
[debug] [2020-12-25T02:57:11.190Z] [runtime-status] [34381] Functions runtime initialized. {"cwd":"/home/marc/amazon/functions","node_version":"12.18.3"} {"metadata":{"emulator":{"name":"functions"},"function":{"name":"api"},"message":"[runtime-status] [34381] Functions runtime initialized. {\"cwd\":\"/home/marc/amazon/functions\",\"node_version\":\"12.18.3\"}"}}
[debug] [2020-12-25T02:57:11.193Z] [runtime-status] [34381] Disabled runtime features: undefined {"metadata":{"emulator":{"name":"functions"},"function":{"name":"api"},"message":"[runtime-status] [34381] Disabled runtime features: undefined"}}
[debug] [2020-12-25T02:57:11.196Z] [runtime-status] [34381] Resolved module firebase-admin {"declared":true,"installed":true,"version":"9.4.2","resolution":"/home/marc/amazon/functions/node_modules/firebase-admin/lib/index.js"} {"metadata":{"emulator":{"name":"functions"},"function":{"name":"api"},"message":"[runtime-status] [34381] Resolved module firebase-admin {\"declared\":true,\"installed\":true,\"version\":\"9.4.2\",\"resolution\":\"/home/marc/amazon/functions/node_modules/firebase-admin/lib/index.js\"}"}}
[debug] [2020-12-25T02:57:11.197Z] [runtime-status] [34381] Resolved module firebase-functions {"declared":true,"installed":true,"version":"3.13.0","resolution":"/home/marc/amazon/functions/node_modules/firebase-functions/lib/index.js"} {"metadata":{"emulator":{"name":"functions"},"function":{"name":"api"},"message":"[runtime-status] [34381] Resolved module firebase-functions {\"declared\":true,\"installed\":true,\"version\":\"3.13.0\",\"resolution\":\"/home/marc/amazon/functions/node_modules/firebase-functions/lib/index.js\"}"}}
[debug] [2020-12-25T02:57:11.198Z] [runtime-status] [34381] Resolved module firebase-functions {"declared":true,"installed":true,"version":"3.13.0","resolution":"/home/marc/amazon/functions/node_modules/firebase-functions/lib/index.js"} {"metadata":{"emulator":{"name":"functions"},"function":{"name":"api"},"message":"[runtime-status] [34381] Resolved module firebase-functions {\"declared\":true,\"installed\":true,\"version\":\"3.13.0\",\"resolution\":\"/home/marc/amazon/functions/node_modules/firebase-functions/lib/index.js\"}"}}
[debug] [2020-12-25T02:57:11.200Z] [runtime-status] [34381] Outgoing network have been stubbed. [{"name":"http","status":"mocked"},{"name":"http","status":"mocked"},{"name":"https","status":"mocked"},{"name":"https","status":"mocked"},{"name":"net","status":"mocked"}] {"metadata":{"emulator":{"name":"functions"},"function":{"name":"api"},"message":"[runtime-status] [34381] Outgoing network have been stubbed. [{\"name\":\"http\",\"status\":\"mocked\"},{\"name\":\"http\",\"status\":\"mocked\"},{\"name\":\"https\",\"status\":\"mocked\"},{\"name\":\"https\",\"status\":\"mocked\"},{\"name\":\"net\",\"status\":\"mocked\"}]"}}
[debug] [2020-12-25T02:57:11.201Z] [runtime-status] [34381] Resolved module firebase-functions {"declared":true,"installed":true,"version":"3.13.0","resolution":"/home/marc/amazon/functions/node_modules/firebase-functions/lib/index.js"} {"metadata":{"emulator":{"name":"functions"},"function":{"name":"api"},"message":"[runtime-status] [34381] Resolved module firebase-functions {\"declared\":true,\"installed\":true,\"version\":\"3.13.0\",\"resolution\":\"/home/marc/amazon/functions/node_modules/firebase-functions/lib/index.js\"}"}}
[debug] [2020-12-25T02:57:11.244Z] [runtime-status] [34381] Checked functions.config() {"config":{}} {"metadata":{"emulator":{"name":"functions"},"function":{"name":"api"},"message":"[runtime-status] [34381] Checked functions.config() {\"config\":{}}"}}
[debug] [2020-12-25T02:57:11.245Z] [runtime-status] [34381] firebase-functions has been stubbed. {"functionsResolution":{"declared":true,"installed":true,"version":"3.13.0","resolution":"/home/marc/amazon/functions/node_modules/firebase-functions/lib/index.js"}} {"metadata":{"emulator":{"name":"functions"},"function":{"name":"api"},"message":"[runtime-status] [34381] firebase-functions has been stubbed. {\"functionsResolution\":{\"declared\":true,\"installed\":true,\"version\":\"3.13.0\",\"resolution\":\"/home/marc/amazon/functions/node_modules/firebase-functions/lib/index.js\"}}"}}
[debug] [2020-12-25T02:57:11.245Z] [runtime-status] [34381] Resolved module firebase-functions {"declared":true,"installed":true,"version":"3.13.0","resolution":"/home/marc/amazon/functions/node_modules/firebase-functions/lib/index.js"} {"metadata":{"emulator":{"name":"functions"},"function":{"name":"api"},"message":"[runtime-status] [34381] Resolved module firebase-functions {\"declared\":true,\"installed\":true,\"version\":\"3.13.0\",\"resolution\":\"/home/marc/amazon/functions/node_modules/firebase-functions/lib/index.js\"}"}}
[debug] [2020-12-25T02:57:11.246Z] [runtime-status] [34381] Resolved module firebase-admin {"declared":true,"installed":true,"version":"9.4.2","resolution":"/home/marc/amazon/functions/node_modules/firebase-admin/lib/index.js"} {"metadata":{"emulator":{"name":"functions"},"function":{"name":"api"},"message":"[runtime-status] [34381] Resolved module firebase-admin {\"declared\":true,\"installed\":true,\"version\":\"9.4.2\",\"resolution\":\"/home/marc/amazon/functions/node_modules/firebase-admin/lib/index.js\"}"}}
[debug] [2020-12-25T02:57:11.246Z] [runtime-status] [34381] Resolved module firebase-functions {"declared":true,"installed":true,"version":"3.13.0","resolution":"/home/marc/amazon/functions/node_modules/firebase-functions/lib/index.js"} {"metadata":{"emulator":{"name":"functions"},"function":{"name":"api"},"message":"[runtime-status] [34381] Resolved module firebase-functions {\"declared\":true,\"installed\":true,\"version\":\"3.13.0\",\"resolution\":\"/home/marc/amazon/functions/node_modules/firebase-functions/lib/index.js\"}"}}
[debug] [2020-12-25T02:57:11.247Z] [runtime-status] [34381] firebase-admin has been stubbed. {"adminResolution":{"declared":true,"installed":true,"version":"9.4.2","resolution":"/home/marc/amazon/functions/node_modules/firebase-admin/lib/index.js"}} {"metadata":{"emulator":{"name":"functions"},"function":{"name":"api"},"message":"[runtime-status] [34381] firebase-admin has been stubbed. {\"adminResolution\":{\"declared\":true,\"installed\":true,\"version\":\"9.4.2\",\"resolution\":\"/home/marc/amazon/functions/node_modules/firebase-admin/lib/index.js\"}}"}}
[debug] [2020-12-25T02:57:11.342Z] [runtime-status] [34381] Trigger "api" has been found, beginning invocation! {"metadata":{"emulator":{"name":"functions"},"function":{"name":"api"},"message":"[runtime-status] [34381] Trigger \"api\" has been found, beginning invocation!"}}
[info] i  functions: Beginning execution of "api" {"metadata":{"emulator":{"name":"functions"},"function":{"name":"api"},"message":"Beginning execution of \"api\""}}
[debug] [2020-12-25T02:57:11.344Z] [runtime-status] [34381] triggerDefinition {"httpsTrigger":{},"name":"api","entryPoint":"api"} {"metadata":{"emulator":{"name":"functions"},"function":{"name":"api"},"message":"[runtime-status] [34381] triggerDefinition {\"httpsTrigger\":{},\"name\":\"api\",\"entryPoint\":\"api\"}"}}
[debug] [2020-12-25T02:57:11.344Z] [runtime-status] [34381] Running api in mode HTTPS {"metadata":{"emulator":{"name":"functions"},"function":{"name":"api"},"message":"[runtime-status] [34381] Running api in mode HTTPS"}}
[debug] [2020-12-25T02:57:11.350Z] [runtime-status] [34381] Attempting to listen to socketPath: /tmp/fire_emu_34381.sock {"metadata":{"emulator":{"name":"functions"},"function":{"name":"api"},"message":"[runtime-status] [34381] Attempting to listen to socketPath: /tmp/fire_emu_34381.sock"}}
[debug] [2020-12-25T02:57:11.363Z] [functions] Runtime ready! Sending request! {"metadata":{"emulator":{"name":"functions"},"message":"[functions] Runtime ready! Sending request!"}}
[debug] [2020-12-25T02:57:11.543Z] [runtime-status] [34381] Ephemeral server handling GET request {"metadata":{"emulator":{"name":"functions"},"function":{"name":"api"},"message":"[runtime-status] [34381] Ephemeral server handling GET request"}}
[debug] [2020-12-25T02:57:11.551Z] [runtime-status] [34381] Ephemeral server survived. {"metadata":{"emulator":{"name":"functions"},"function":{"name":"api"},"message":"[runtime-status] [34381] Ephemeral server survived."}}
[info] i  functions: Finished "api" in ~1s {"metadata":{"emulator":{"name":"functions"},"function":{"name":"api"},"message":"Finished \"api\" in ~1s"}}
[debug] [2020-12-25T02:57:11.554Z] [worker-api-dbf54d94-48d1-4aa9-be59-92b8b51a9d8d]: IDLE {"metadata":{"emulator":{"name":"functions"},"message":"[worker-api-dbf54d94-48d1-4aa9-be59-92b8b51a9d8d]: IDLE"}}
[debug] [2020-12-25T02:57:11.554Z] [work-queue] {"queueLength":0,"workRunningCount":0}
[debug] [2020-12-25T02:57:11.671Z] Functions emulator received unknown request at path /favicon.ico
[debug] [2020-12-25T03:10:09.183Z] File /home/marc/amazon/functions/index.js changed, reloading triggers {"metadata":{"emulator":{"name":"functions"},"message":"File /home/marc/amazon/functions/index.js changed, reloading triggers"}}
[debug] [2020-12-25T03:10:10.183Z] [worker-pool] Shutting down IDLE worker (~diagnostic~) {"metadata":{"emulator":{"name":"functions"},"message":"[worker-pool] Shutting down IDLE worker (~diagnostic~)"}}
[debug] [2020-12-25T03:10:10.184Z] [worker-~diagnostic~-bfae7557-5a4c-4fc7-9779-3620dd2aef4d]: FINISHING {"metadata":{"emulator":{"name":"functions"},"message":"[worker-~diagnostic~-bfae7557-5a4c-4fc7-9779-3620dd2aef4d]: FINISHING"}}
[debug] [2020-12-25T03:10:10.184Z] [worker-pool] Shutting down IDLE worker (api) {"metadata":{"emulator":{"name":"functions"},"message":"[worker-pool] Shutting down IDLE worker (api)"}}
[debug] [2020-12-25T03:10:10.184Z] [worker-api-dbf54d94-48d1-4aa9-be59-92b8b51a9d8d]: FINISHING {"metadata":{"emulator":{"name":"functions"},"message":"[worker-api-dbf54d94-48d1-4aa9-be59-92b8b51a9d8d]: FINISHING"}}
[debug] [2020-12-25T03:10:10.232Z] [worker-pool] addWorker(~diagnostic~) {"metadata":{"emulator":{"name":"functions"},"message":"[worker-pool] addWorker(~diagnostic~)"}}
[debug] [2020-12-25T03:10:10.232Z] [worker-pool] Adding worker with key ~diagnostic~, total=2 {"metadata":{"emulator":{"name":"functions"},"message":"[worker-pool] Adding worker with key ~diagnostic~, total=2"}}
[debug] [2020-12-25T03:10:10.232Z] [worker-pool] submitWork(triggerId=) {"metadata":{"emulator":{"name":"functions"},"message":"[worker-pool] submitWork(triggerId=)"}}
[debug] [2020-12-25T03:10:10.232Z] [worker-~diagnostic~-07037d3c-7370-499a-b617-d3f8d4ffa2b0]: Assigning socketPath: /tmp/fire_emu_34877.sock {"metadata":{"emulator":{"name":"functions"},"message":"[worker-~diagnostic~-07037d3c-7370-499a-b617-d3f8d4ffa2b0]: Assigning socketPath: /tmp/fire_emu_34877.sock"}}
[debug] [2020-12-25T03:10:10.233Z] [worker-~diagnostic~-07037d3c-7370-499a-b617-d3f8d4ffa2b0]: BUSY {"metadata":{"emulator":{"name":"functions"},"message":"[worker-~diagnostic~-07037d3c-7370-499a-b617-d3f8d4ffa2b0]: BUSY"}}
[debug] [2020-12-25T03:10:10.234Z] [worker-~diagnostic~-bfae7557-5a4c-4fc7-9779-3620dd2aef4d]: exited {"metadata":{"emulator":{"name":"functions"},"message":"[worker-~diagnostic~-bfae7557-5a4c-4fc7-9779-3620dd2aef4d]: exited"}}
[debug] [2020-12-25T03:10:10.234Z] [worker-~diagnostic~-bfae7557-5a4c-4fc7-9779-3620dd2aef4d]: FINISHED {"metadata":{"emulator":{"name":"functions"},"message":"[worker-~diagnostic~-bfae7557-5a4c-4fc7-9779-3620dd2aef4d]: FINISHED"}}
[debug] [2020-12-25T03:10:10.234Z] [worker-api-dbf54d94-48d1-4aa9-be59-92b8b51a9d8d]: exited {"metadata":{"emulator":{"name":"functions"},"message":"[worker-api-dbf54d94-48d1-4aa9-be59-92b8b51a9d8d]: exited"}}
[debug] [2020-12-25T03:10:10.234Z] [worker-api-dbf54d94-48d1-4aa9-be59-92b8b51a9d8d]: FINISHED {"metadata":{"emulator":{"name":"functions"},"message":"[worker-api-dbf54d94-48d1-4aa9-be59-92b8b51a9d8d]: FINISHED"}}
[debug] [2020-12-25T03:10:14.255Z] [runtime-status] [34877] Functions runtime initialized. {"cwd":"/home/marc/amazon/functions","node_version":"12.18.3"} {"metadata":{"emulator":{"name":"functions"},"message":"[runtime-status] [34877] Functions runtime initialized. {\"cwd\":\"/home/marc/amazon/functions\",\"node_version\":\"12.18.3\"}"}}
[debug] [2020-12-25T03:10:14.257Z] [runtime-status] [34877] Disabled runtime features: undefined {"metadata":{"emulator":{"name":"functions"},"message":"[runtime-status] [34877] Disabled runtime features: undefined"}}
[debug] [2020-12-25T03:10:14.375Z] [runtime-status] [34877] Resolved module firebase-admin {"declared":true,"installed":true,"version":"9.4.2","resolution":"/home/marc/amazon/functions/node_modules/firebase-admin/lib/index.js"} {"metadata":{"emulator":{"name":"functions"},"message":"[runtime-status] [34877] Resolved module firebase-admin {\"declared\":true,\"installed\":true,\"version\":\"9.4.2\",\"resolution\":\"/home/marc/amazon/functions/node_modules/firebase-admin/lib/index.js\"}"}}
[debug] [2020-12-25T03:10:14.447Z] [runtime-status] [34877] Resolved module firebase-functions {"declared":true,"installed":true,"version":"3.13.0","resolution":"/home/marc/amazon/functions/node_modules/firebase-functions/lib/index.js"} {"metadata":{"emulator":{"name":"functions"},"message":"[runtime-status] [34877] Resolved module firebase-functions {\"declared\":true,\"installed\":true,\"version\":\"3.13.0\",\"resolution\":\"/home/marc/amazon/functions/node_modules/firebase-functions/lib/index.js\"}"}}
[debug] [2020-12-25T03:10:14.449Z] [runtime-status] [34877] Resolved module firebase-functions {"declared":true,"installed":true,"version":"3.13.0","resolution":"/home/marc/amazon/functions/node_modules/firebase-functions/lib/index.js"} {"metadata":{"emulator":{"name":"functions"},"message":"[runtime-status] [34877] Resolved module firebase-functions {\"declared\":true,\"installed\":true,\"version\":\"3.13.0\",\"resolution\":\"/home/marc/amazon/functions/node_modules/firebase-functions/lib/index.js\"}"}}
[debug] [2020-12-25T03:10:14.451Z] [runtime-status] [34877] Outgoing network have been stubbed. [{"name":"http","status":"mocked"},{"name":"http","status":"mocked"},{"name":"https","status":"mocked"},{"name":"https","status":"mocked"},{"name":"net","status":"mocked"}] {"metadata":{"emulator":{"name":"functions"},"message":"[runtime-status] [34877] Outgoing network have been stubbed. [{\"name\":\"http\",\"status\":\"mocked\"},{\"name\":\"http\",\"status\":\"mocked\"},{\"name\":\"https\",\"status\":\"mocked\"},{\"name\":\"https\",\"status\":\"mocked\"},{\"name\":\"net\",\"status\":\"mocked\"}]"}}
[debug] [2020-12-25T03:10:14.452Z] [runtime-status] [34877] Resolved module firebase-functions {"declared":true,"installed":true,"version":"3.13.0","resolution":"/home/marc/amazon/functions/node_modules/firebase-functions/lib/index.js"} {"metadata":{"emulator":{"name":"functions"},"message":"[runtime-status] [34877] Resolved module firebase-functions {\"declared\":true,\"installed\":true,\"version\":\"3.13.0\",\"resolution\":\"/home/marc/amazon/functions/node_modules/firebase-functions/lib/index.js\"}"}}
[debug] [2020-12-25T03:10:15.477Z] [runtime-status] [34877] Checked functions.config() {"config":{}} {"metadata":{"emulator":{"name":"functions"},"message":"[runtime-status] [34877] Checked functions.config() {\"config\":{}}"}}
[debug] [2020-12-25T03:10:15.477Z] [runtime-status] [34877] firebase-functions has been stubbed. {"functionsResolution":{"declared":true,"installed":true,"version":"3.13.0","resolution":"/home/marc/amazon/functions/node_modules/firebase-functions/lib/index.js"}} {"metadata":{"emulator":{"name":"functions"},"message":"[runtime-status] [34877] firebase-functions has been stubbed. {\"functionsResolution\":{\"declared\":true,\"installed\":true,\"version\":\"3.13.0\",\"resolution\":\"/home/marc/amazon/functions/node_modules/firebase-functions/lib/index.js\"}}"}}
[debug] [2020-12-25T03:10:15.478Z] [runtime-status] [34877] Resolved module firebase-functions {"declared":true,"installed":true,"version":"3.13.0","resolution":"/home/marc/amazon/functions/node_modules/firebase-functions/lib/index.js"} {"metadata":{"emulator":{"name":"functions"},"message":"[runtime-status] [34877] Resolved module firebase-functions {\"declared\":true,\"installed\":true,\"version\":\"3.13.0\",\"resolution\":\"/home/marc/amazon/functions/node_modules/firebase-functions/lib/index.js\"}"}}
[debug] [2020-12-25T03:10:15.480Z] [runtime-status] [34877] Resolved module firebase-admin {"declared":true,"installed":true,"version":"9.4.2","resolution":"/home/marc/amazon/functions/node_modules/firebase-admin/lib/index.js"} {"metadata":{"emulator":{"name":"functions"},"message":"[runtime-status] [34877] Resolved module firebase-admin {\"declared\":true,\"installed\":true,\"version\":\"9.4.2\",\"resolution\":\"/home/marc/amazon/functions/node_modules/firebase-admin/lib/index.js\"}"}}
[debug] [2020-12-25T03:10:15.480Z] [runtime-status] [34877] Resolved module firebase-functions {"declared":true,"installed":true,"version":"3.13.0","resolution":"/home/marc/amazon/functions/node_modules/firebase-functions/lib/index.js"} {"metadata":{"emulator":{"name":"functions"},"message":"[runtime-status] [34877] Resolved module firebase-functions {\"declared\":true,\"installed\":true,\"version\":\"3.13.0\",\"resolution\":\"/home/marc/amazon/functions/node_modules/firebase-functions/lib/index.js\"}"}}
[debug] [2020-12-25T03:10:15.480Z] [runtime-status] [34877] firebase-admin has been stubbed. {"adminResolution":{"declared":true,"installed":true,"version":"9.4.2","resolution":"/home/marc/amazon/functions/node_modules/firebase-admin/lib/index.js"}} {"metadata":{"emulator":{"name":"functions"},"message":"[runtime-status] [34877] firebase-admin has been stubbed. {\"adminResolution\":{\"declared\":true,\"installed\":true,\"version\":\"9.4.2\",\"resolution\":\"/home/marc/amazon/functions/node_modules/firebase-admin/lib/index.js\"}}"}}
[debug] [2020-12-25T03:10:17.585Z] [worker-~diagnostic~-07037d3c-7370-499a-b617-d3f8d4ffa2b0]: IDLE {"metadata":{"emulator":{"name":"functions"},"message":"[worker-~diagnostic~-07037d3c-7370-499a-b617-d3f8d4ffa2b0]: IDLE"}}
[debug] [2020-12-25T03:16:09.679Z] [work-queue] {"queueLength":1,"workRunningCount":0}
[debug] [2020-12-25T03:16:09.680Z] [work-queue] {"queueLength":0,"workRunningCount":1}
[debug] [2020-12-25T03:16:09.680Z] Accepted request POST /ui-1d15d/us-central1/api/payments/create?total=0 --> api
[debug] [2020-12-25T03:16:09.680Z] [worker-pool] Cleaned up workers for ~diagnostic~: 2 --> 1 {"metadata":{"emulator":{"name":"functions"},"message":"[worker-pool] Cleaned up workers for ~diagnostic~: 2 --> 1"}}
[debug] [2020-12-25T03:16:09.680Z] [worker-pool] Cleaned up workers for api: 1 --> 0 {"metadata":{"emulator":{"name":"functions"},"message":"[worker-pool] Cleaned up workers for api: 1 --> 0"}}
[debug] [2020-12-25T03:16:09.708Z] [worker-pool] addWorker(api) {"metadata":{"emulator":{"name":"functions"},"message":"[worker-pool] addWorker(api)"}}
[debug] [2020-12-25T03:16:09.708Z] [worker-pool] Adding worker with key api, total=1 {"metadata":{"emulator":{"name":"functions"},"message":"[worker-pool] Adding worker with key api, total=1"}}
[debug] [2020-12-25T03:16:09.708Z] [worker-pool] submitWork(triggerId=api) {"metadata":{"emulator":{"name":"functions"},"message":"[worker-pool] submitWork(triggerId=api)"}}
[debug] [2020-12-25T03:16:09.708Z] [worker-api-c802d6fc-133f-4fbb-b04f-f0d35fc9aeea]: Assigning socketPath: /tmp/fire_emu_35190.sock {"metadata":{"emulator":{"name":"functions"},"message":"[worker-api-c802d6fc-133f-4fbb-b04f-f0d35fc9aeea]: Assigning socketPath: /tmp/fire_emu_35190.sock"}}
[debug] [2020-12-25T03:16:09.709Z] [worker-api-c802d6fc-133f-4fbb-b04f-f0d35fc9aeea]: BUSY {"metadata":{"emulator":{"name":"functions"},"message":"[worker-api-c802d6fc-133f-4fbb-b04f-f0d35fc9aeea]: BUSY"}}
[debug] [2020-12-25T03:16:14.807Z] [runtime-status] [35190] Functions runtime initialized. {"cwd":"/home/marc/amazon/functions","node_version":"12.18.3"} {"metadata":{"emulator":{"name":"functions"},"function":{"name":"api"},"message":"[runtime-status] [35190] Functions runtime initialized. {\"cwd\":\"/home/marc/amazon/functions\",\"node_version\":\"12.18.3\"}"}}
[debug] [2020-12-25T03:16:14.810Z] [runtime-status] [35190] Disabled runtime features: undefined {"metadata":{"emulator":{"name":"functions"},"function":{"name":"api"},"message":"[runtime-status] [35190] Disabled runtime features: undefined"}}
[debug] [2020-12-25T03:16:14.926Z] [runtime-status] [35190] Resolved module firebase-admin {"declared":true,"installed":true,"version":"9.4.2","resolution":"/home/marc/amazon/functions/node_modules/firebase-admin/lib/index.js"} {"metadata":{"emulator":{"name":"functions"},"function":{"name":"api"},"message":"[runtime-status] [35190] Resolved module firebase-admin {\"declared\":true,\"installed\":true,\"version\":\"9.4.2\",\"resolution\":\"/home/marc/amazon/functions/node_modules/firebase-admin/lib/index.js\"}"}}
[debug] [2020-12-25T03:16:14.965Z] [runtime-status] [35190] Resolved module firebase-functions {"declared":true,"installed":true,"version":"3.13.0","resolution":"/home/marc/amazon/functions/node_modules/firebase-functions/lib/index.js"} {"metadata":{"emulator":{"name":"functions"},"function":{"name":"api"},"message":"[runtime-status] [35190] Resolved module firebase-functions {\"declared\":true,\"installed\":true,\"version\":\"3.13.0\",\"resolution\":\"/home/marc/amazon/functions/node_modules/firebase-functions/lib/index.js\"}"}}
[debug] [2020-12-25T03:16:14.967Z] [runtime-status] [35190] Resolved module firebase-functions {"declared":true,"installed":true,"version":"3.13.0","resolution":"/home/marc/amazon/functions/node_modules/firebase-functions/lib/index.js"} {"metadata":{"emulator":{"name":"functions"},"function":{"name":"api"},"message":"[runtime-status] [35190] Resolved module firebase-functions {\"declared\":true,\"installed\":true,\"version\":\"3.13.0\",\"resolution\":\"/home/marc/amazon/functions/node_modules/firebase-functions/lib/index.js\"}"}}
[debug] [2020-12-25T03:16:14.970Z] [runtime-status] [35190] Outgoing network have been stubbed. [{"name":"http","status":"mocked"},{"name":"http","status":"mocked"},{"name":"https","status":"mocked"},{"name":"https","status":"mocked"},{"name":"net","status":"mocked"}] {"metadata":{"emulator":{"name":"functions"},"function":{"name":"api"},"message":"[runtime-status] [35190] Outgoing network have been stubbed. [{\"name\":\"http\",\"status\":\"mocked\"},{\"name\":\"http\",\"status\":\"mocked\"},{\"name\":\"https\",\"status\":\"mocked\"},{\"name\":\"https\",\"status\":\"mocked\"},{\"name\":\"net\",\"status\":\"mocked\"}]"}}
[debug] [2020-12-25T03:16:14.971Z] [runtime-status] [35190] Resolved module firebase-functions {"declared":true,"installed":true,"version":"3.13.0","resolution":"/home/marc/amazon/functions/node_modules/firebase-functions/lib/index.js"} {"metadata":{"emulator":{"name":"functions"},"function":{"name":"api"},"message":"[runtime-status] [35190] Resolved module firebase-functions {\"declared\":true,\"installed\":true,\"version\":\"3.13.0\",\"resolution\":\"/home/marc/amazon/functions/node_modules/firebase-functions/lib/index.js\"}"}}
[debug] [2020-12-25T03:16:15.886Z] [runtime-status] [35190] Checked functions.config() {"config":{}} {"metadata":{"emulator":{"name":"functions"},"function":{"name":"api"},"message":"[runtime-status] [35190] Checked functions.config() {\"config\":{}}"}}
[debug] [2020-12-25T03:16:15.886Z] [runtime-status] [35190] firebase-functions has been stubbed. {"functionsResolution":{"declared":true,"installed":true,"version":"3.13.0","resolution":"/home/marc/amazon/functions/node_modules/firebase-functions/lib/index.js"}} {"metadata":{"emulator":{"name":"functions"},"function":{"name":"api"},"message":"[runtime-status] [35190] firebase-functions has been stubbed. {\"functionsResolution\":{\"declared\":true,\"installed\":true,\"version\":\"3.13.0\",\"resolution\":\"/home/marc/amazon/functions/node_modules/firebase-functions/lib/index.js\"}}"}}
[debug] [2020-12-25T03:16:15.889Z] [runtime-status] [35190] Resolved module firebase-functions {"declared":true,"installed":true,"version":"3.13.0","resolution":"/home/marc/amazon/functions/node_modules/firebase-functions/lib/index.js"} {"metadata":{"emulator":{"name":"functions"},"function":{"name":"api"},"message":"[runtime-status] [35190] Resolved module firebase-functions {\"declared\":true,\"installed\":true,\"version\":\"3.13.0\",\"resolution\":\"/home/marc/amazon/functions/node_modules/firebase-functions/lib/index.js\"}"}}
[debug] [2020-12-25T03:16:15.889Z] [runtime-status] [35190] Resolved module firebase-admin {"declared":true,"installed":true,"version":"9.4.2","resolution":"/home/marc/amazon/functions/node_modules/firebase-admin/lib/index.js"} {"metadata":{"emulator":{"name":"functions"},"function":{"name":"api"},"message":"[runtime-status] [35190] Resolved module firebase-admin {\"declared\":true,\"installed\":true,\"version\":\"9.4.2\",\"resolution\":\"/home/marc/amazon/functions/node_modules/firebase-admin/lib/index.js\"}"}}
[debug] [2020-12-25T03:16:15.890Z] [runtime-status] [35190] Resolved module firebase-functions {"declared":true,"installed":true,"version":"3.13.0","resolution":"/home/marc/amazon/functions/node_modules/firebase-functions/lib/index.js"} {"metadata":{"emulator":{"name":"functions"},"function":{"name":"api"},"message":"[runtime-status] [35190] Resolved module firebase-functions {\"declared\":true,\"installed\":true,\"version\":\"3.13.0\",\"resolution\":\"/home/marc/amazon/functions/node_modules/firebase-functions/lib/index.js\"}"}}
[debug] [2020-12-25T03:16:15.890Z] [runtime-status] [35190] firebase-admin has been stubbed. {"adminResolution":{"declared":true,"installed":true,"version":"9.4.2","resolution":"/home/marc/amazon/functions/node_modules/firebase-admin/lib/index.js"}} {"metadata":{"emulator":{"name":"functions"},"function":{"name":"api"},"message":"[runtime-status] [35190] firebase-admin has been stubbed. {\"adminResolution\":{\"declared\":true,\"installed\":true,\"version\":\"9.4.2\",\"resolution\":\"/home/marc/amazon/functions/node_modules/firebase-admin/lib/index.js\"}}"}}
[debug] [2020-12-25T03:16:25.803Z] [runtime-status] [35190] Trigger "api" has been found, beginning invocation! {"metadata":{"emulator":{"name":"functions"},"function":{"name":"api"},"message":"[runtime-status] [35190] Trigger \"api\" has been found, beginning invocation!"}}
[info] i  functions: Beginning execution of "api" {"metadata":{"emulator":{"name":"functions"},"function":{"name":"api"},"message":"Beginning execution of \"api\""}}
[debug] [2020-12-25T03:16:25.804Z] [runtime-status] [35190] triggerDefinition {"httpsTrigger":{},"name":"api","entryPoint":"api"} {"metadata":{"emulator":{"name":"functions"},"function":{"name":"api"},"message":"[runtime-status] [35190] triggerDefinition {\"httpsTrigger\":{},\"name\":\"api\",\"entryPoint\":\"api\"}"}}
[debug] [2020-12-25T03:16:25.804Z] [runtime-status] [35190] Running api in mode HTTPS {"metadata":{"emulator":{"name":"functions"},"function":{"name":"api"},"message":"[runtime-status] [35190] Running api in mode HTTPS"}}
[debug] [2020-12-25T03:16:25.809Z] [runtime-status] [35190] Attempting to listen to socketPath: /tmp/fire_emu_35190.sock {"metadata":{"emulator":{"name":"functions"},"function":{"name":"api"},"message":"[runtime-status] [35190] Attempting to listen to socketPath: /tmp/fire_emu_35190.sock"}}
[debug] [2020-12-25T03:16:25.956Z] [functions] Runtime ready! Sending request! {"metadata":{"emulator":{"name":"functions"},"message":"[functions] Runtime ready! Sending request!"}}
[debug] [2020-12-25T03:16:26.407Z] [runtime-status] [35190] Ephemeral server handling POST request {"metadata":{"emulator":{"name":"functions"},"function":{"name":"api"},"message":"[runtime-status] [35190] Ephemeral server handling POST request"}}
[info] >  Recibo de pagamento recebido 0 {"user":"Recibo de pagamento recebido 0","metadata":{"emulator":{"name":"functions"},"function":{"name":"api"},"message":"\u001b[90m> \u001b[39m Recibo de pagamento recebido 0"}}
[debug] [2020-12-25T03:16:26.674Z] [runtime-status] [35190] Ephemeral server survived. {"metadata":{"emulator":{"name":"functions"},"function":{"name":"api"},"message":"[runtime-status] [35190] Ephemeral server survived."}}
[info] >  (node:35190) UnhandledPromiseRejectionWarning: Error: This value must be greater than or equal to 1. {"user":"(node:35190) UnhandledPromiseRejectionWarning: Error: This value must be greater than or equal to 1.","metadata":{"emulator":{"name":"functions"},"function":{"name":"api"},"message":"\u001b[90m> \u001b[39m (node:35190) UnhandledPromiseRejectionWarning: Error: This value must be greater than or equal to 1."}}
[info] >      at Function.generate (/home/marc/amazon/functions/node_modules/stripe/lib/Error.js:40:16) {"user":"    at Function.generate (/home/marc/amazon/functions/node_modules/stripe/lib/Error.js:40:16)","metadata":{"emulator":{"name":"functions"},"function":{"name":"api"},"message":"\u001b[90m> \u001b[39m     at Function.generate (/home/marc/amazon/functions/node_modules/stripe/lib/Error.js:40:16)"}}
[info] >      at IncomingMessage.<anonymous> (/home/marc/amazon/functions/node_modules/stripe/lib/StripeResource.js:190:33) {"user":"    at IncomingMessage.<anonymous> (/home/marc/amazon/functions/node_modules/stripe/lib/StripeResource.js:190:33)","metadata":{"emulator":{"name":"functions"},"function":{"name":"api"},"message":"\u001b[90m> \u001b[39m     at IncomingMessage.<anonymous> (/home/marc/amazon/functions/node_modules/stripe/lib/StripeResource.js:190:33)"}}
[info] >      at Object.onceWrapper (events.js:421:28) {"user":"    at Object.onceWrapper (events.js:421:28)","metadata":{"emulator":{"name":"functions"},"function":{"name":"api"},"message":"\u001b[90m> \u001b[39m     at Object.onceWrapper (events.js:421:28)"}}
[info] >      at IncomingMessage.emit (events.js:327:22) {"user":"    at IncomingMessage.emit (events.js:327:22)","metadata":{"emulator":{"name":"functions"},"function":{"name":"api"},"message":"\u001b[90m> \u001b[39m     at IncomingMessage.emit (events.js:327:22)"}}
[info] >      at endReadableNT (_stream_readable.js:1220:12) {"user":"    at endReadableNT (_stream_readable.js:1220:12)","metadata":{"emulator":{"name":"functions"},"function":{"name":"api"},"message":"\u001b[90m> \u001b[39m     at endReadableNT (_stream_readable.js:1220:12)"}}
[info] >      at processTicksAndRejections (internal/process/task_queues.js:84:21) {"user":"    at processTicksAndRejections (internal/process/task_queues.js:84:21)","metadata":{"emulator":{"name":"functions"},"function":{"name":"api"},"message":"\u001b[90m> \u001b[39m     at processTicksAndRejections (internal/process/task_queues.js:84:21)"}}
[info] >  (node:35190) UnhandledPromiseRejectionWarning: Unhandled promise rejection. This error originated either by throwing inside of an async function without a catch block, or by rejecting a promise which was not handled with .catch(). To terminate the node process on unhandled promise rejection, use the CLI flag `--unhandled-rejections=strict` (see https://nodejs.org/api/cli.html#cli_unhandled_rejections_mode). (rejection id: 1) {"user":"(node:35190) UnhandledPromiseRejectionWarning: Unhandled promise rejection. This error originated either by throwing inside of an async function without a catch block, or by rejecting a promise which was not handled with .catch(). To terminate the node process on unhandled promise rejection, use the CLI flag `--unhandled-rejections=strict` (see https://nodejs.org/api/cli.html#cli_unhandled_rejections_mode). (rejection id: 1)","metadata":{"emulator":{"name":"functions"},"function":{"name":"api"},"message":"\u001b[90m> \u001b[39m (node:35190) UnhandledPromiseRejectionWarning: Unhandled promise rejection. This error originated either by throwing inside of an async function without a catch block, or by rejecting a promise which was not handled with .catch(). To terminate the node process on unhandled promise rejection, use the CLI flag `--unhandled-rejections=strict` (see https://nodejs.org/api/cli.html#cli_unhandled_rejections_mode). (rejection id: 1)"}}
[info] >  (node:35190) [DEP0018] DeprecationWarning: Unhandled promise rejections are deprecated. In the future, promise rejections that are not handled will terminate the Node.js process with a non-zero exit code. {"user":"(node:35190) [DEP0018] DeprecationWarning: Unhandled promise rejections are deprecated. In the future, promise rejections that are not handled will terminate the Node.js process with a non-zero exit code.","metadata":{"emulator":{"name":"functions"},"function":{"name":"api"},"message":"\u001b[90m> \u001b[39m (node:35190) [DEP0018] DeprecationWarning: Unhandled promise rejections are deprecated. In the future, promise rejections that are not handled will terminate the Node.js process with a non-zero exit code."}}
[warn] ⚠  functions: Your function timed out after ~60s. To configure this timeout, see
      https://firebase.google.com/docs/functions/manage-functions#set_timeout_and_memory_allocation. {"metadata":{"emulator":{"name":"functions"},"function":{"name":"api"},"message":"Your function timed out after ~60s. To configure this timeout, see\n      https://firebase.google.com/docs/functions/manage-functions#set_timeout_and_memory_allocation."}}
[info] >  /home/marc/.nvm/versions/node/v12.18.3/lib/node_modules/firebase-tools/lib/emulator/functionsEmulatorRuntime.js:638 {"user":"/home/marc/.nvm/versions/node/v12.18.3/lib/node_modules/firebase-tools/lib/emulator/functionsEmulatorRuntime.js:638","metadata":{"emulator":{"name":"functions"},"function":{"name":"api"},"message":"\u001b[90m> \u001b[39m /home/marc/.nvm/versions/node/v12.18.3/lib/node_modules/firebase-tools/lib/emulator/functionsEmulatorRuntime.js:638"}}
[info] >              throw new Error("Function timed out."); {"user":"            throw new Error(\"Function timed out.\");","metadata":{"emulator":{"name":"functions"},"function":{"name":"api"},"message":"\u001b[90m> \u001b[39m             throw new Error(\"Function timed out.\");"}}
[info] >              ^ {"user":"            ^","metadata":{"emulator":{"name":"functions"},"function":{"name":"api"},"message":"\u001b[90m> \u001b[39m             ^"}}
[info] >   {"user":"","metadata":{"emulator":{"name":"functions"},"function":{"name":"api"},"message":"\u001b[90m> \u001b[39m "}}
[info] >  Error: Function timed out. {"user":"Error: Function timed out.","metadata":{"emulator":{"name":"functions"},"function":{"name":"api"},"message":"\u001b[90m> \u001b[39m Error: Function timed out."}}
[info] >      at Timeout._onTimeout (/home/marc/.nvm/versions/node/v12.18.3/lib/node_modules/firebase-tools/lib/emulator/functionsEmulatorRuntime.js:638:19) {"user":"    at Timeout._onTimeout (/home/marc/.nvm/versions/node/v12.18.3/lib/node_modules/firebase-tools/lib/emulator/functionsEmulatorRuntime.js:638:19)","metadata":{"emulator":{"name":"functions"},"function":{"name":"api"},"message":"\u001b[90m> \u001b[39m     at Timeout._onTimeout (/home/marc/.nvm/versions/node/v12.18.3/lib/node_modules/firebase-tools/lib/emulator/functionsEmulatorRuntime.js:638:19)"}}
[info] >      at listOnTimeout (internal/timers.js:549:17) {"user":"    at listOnTimeout (internal/timers.js:549:17)","metadata":{"emulator":{"name":"functions"},"function":{"name":"api"},"message":"\u001b[90m> \u001b[39m     at listOnTimeout (internal/timers.js:549:17)"}}
[info] >      at processTimers (internal/timers.js:492:7) {"user":"    at processTimers (internal/timers.js:492:7)","metadata":{"emulator":{"name":"functions"},"function":{"name":"api"},"message":"\u001b[90m> \u001b[39m     at processTimers (internal/timers.js:492:7)"}}
[debug] [2020-12-25T03:17:25.884Z] [worker-api-c802d6fc-133f-4fbb-b04f-f0d35fc9aeea]: exited {"metadata":{"emulator":{"name":"functions"},"message":"[worker-api-c802d6fc-133f-4fbb-b04f-f0d35fc9aeea]: exited"}}
[debug] [2020-12-25T03:17:25.884Z] [worker-api-c802d6fc-133f-4fbb-b04f-f0d35fc9aeea]: FINISHED {"metadata":{"emulator":{"name":"functions"},"message":"[worker-api-c802d6fc-133f-4fbb-b04f-f0d35fc9aeea]: FINISHED"}}
[debug] [2020-12-25T03:17:25.885Z] [work-queue] {"queueLength":0,"workRunningCount":0}
[debug] [2020-12-25T03:19:42.412Z] [work-queue] {"queueLength":1,"workRunningCount":0}
[debug] [2020-12-25T03:19:42.412Z] [work-queue] {"queueLength":0,"workRunningCount":1}
[debug] [2020-12-25T03:19:42.412Z] Accepted request POST /ui-1d15d/us-central1/api/payments/create?total=243900 --> api
[debug] [2020-12-25T03:19:42.412Z] [worker-pool] Cleaned up workers for api: 1 --> 0 {"metadata":{"emulator":{"name":"functions"},"message":"[worker-pool] Cleaned up workers for api: 1 --> 0"}}
[debug] [2020-12-25T03:19:42.440Z] [worker-pool] addWorker(api) {"metadata":{"emulator":{"name":"functions"},"message":"[worker-pool] addWorker(api)"}}
[debug] [2020-12-25T03:19:42.440Z] [worker-pool] Adding worker with key api, total=1 {"metadata":{"emulator":{"name":"functions"},"message":"[worker-pool] Adding worker with key api, total=1"}}
[debug] [2020-12-25T03:19:42.440Z] [worker-pool] submitWork(triggerId=api) {"metadata":{"emulator":{"name":"functions"},"message":"[worker-pool] submitWork(triggerId=api)"}}
[debug] [2020-12-25T03:19:42.441Z] [worker-api-e2350c7e-4d43-4c2c-9240-8a28786e4dc0]: Assigning socketPath: /tmp/fire_emu_35269.sock {"metadata":{"emulator":{"name":"functions"},"message":"[worker-api-e2350c7e-4d43-4c2c-9240-8a28786e4dc0]: Assigning socketPath: /tmp/fire_emu_35269.sock"}}
[debug] [2020-12-25T03:19:42.441Z] [worker-api-e2350c7e-4d43-4c2c-9240-8a28786e4dc0]: BUSY {"metadata":{"emulator":{"name":"functions"},"message":"[worker-api-e2350c7e-4d43-4c2c-9240-8a28786e4dc0]: BUSY"}}
[debug] [2020-12-25T03:19:44.224Z] [runtime-status] [35269] Functions runtime initialized. {"cwd":"/home/marc/amazon/functions","node_version":"12.18.3"} {"metadata":{"emulator":{"name":"functions"},"function":{"name":"api"},"message":"[runtime-status] [35269] Functions runtime initialized. {\"cwd\":\"/home/marc/amazon/functions\",\"node_version\":\"12.18.3\"}"}}
[debug] [2020-12-25T03:19:44.226Z] [runtime-status] [35269] Disabled runtime features: undefined {"metadata":{"emulator":{"name":"functions"},"function":{"name":"api"},"message":"[runtime-status] [35269] Disabled runtime features: undefined"}}
[debug] [2020-12-25T03:19:44.228Z] [runtime-status] [35269] Resolved module firebase-admin {"declared":true,"installed":true,"version":"9.4.2","resolution":"/home/marc/amazon/functions/node_modules/firebase-admin/lib/index.js"} {"metadata":{"emulator":{"name":"functions"},"function":{"name":"api"},"message":"[runtime-status] [35269] Resolved module firebase-admin {\"declared\":true,\"installed\":true,\"version\":\"9.4.2\",\"resolution\":\"/home/marc/amazon/functions/node_modules/firebase-admin/lib/index.js\"}"}}
[debug] [2020-12-25T03:19:44.229Z] [runtime-status] [35269] Resolved module firebase-functions {"declared":true,"installed":true,"version":"3.13.0","resolution":"/home/marc/amazon/functions/node_modules/firebase-functions/lib/index.js"} {"metadata":{"emulator":{"name":"functions"},"function":{"name":"api"},"message":"[runtime-status] [35269] Resolved module firebase-functions {\"declared\":true,\"installed\":true,\"version\":\"3.13.0\",\"resolution\":\"/home/marc/amazon/functions/node_modules/firebase-functions/lib/index.js\"}"}}
[debug] [2020-12-25T03:19:44.230Z] [runtime-status] [35269] Resolved module firebase-functions {"declared":true,"installed":true,"version":"3.13.0","resolution":"/home/marc/amazon/functions/node_modules/firebase-functions/lib/index.js"} {"metadata":{"emulator":{"name":"functions"},"function":{"name":"api"},"message":"[runtime-status] [35269] Resolved module firebase-functions {\"declared\":true,\"installed\":true,\"version\":\"3.13.0\",\"resolution\":\"/home/marc/amazon/functions/node_modules/firebase-functions/lib/index.js\"}"}}
[debug] [2020-12-25T03:19:44.232Z] [runtime-status] [35269] Outgoing network have been stubbed. [{"name":"http","status":"mocked"},{"name":"http","status":"mocked"},{"name":"https","status":"mocked"},{"name":"https","status":"mocked"},{"name":"net","status":"mocked"}] {"metadata":{"emulator":{"name":"functions"},"function":{"name":"api"},"message":"[runtime-status] [35269] Outgoing network have been stubbed. [{\"name\":\"http\",\"status\":\"mocked\"},{\"name\":\"http\",\"status\":\"mocked\"},{\"name\":\"https\",\"status\":\"mocked\"},{\"name\":\"https\",\"status\":\"mocked\"},{\"name\":\"net\",\"status\":\"mocked\"}]"}}
[debug] [2020-12-25T03:19:44.233Z] [runtime-status] [35269] Resolved module firebase-functions {"declared":true,"installed":true,"version":"3.13.0","resolution":"/home/marc/amazon/functions/node_modules/firebase-functions/lib/index.js"} {"metadata":{"emulator":{"name":"functions"},"function":{"name":"api"},"message":"[runtime-status] [35269] Resolved module firebase-functions {\"declared\":true,\"installed\":true,\"version\":\"3.13.0\",\"resolution\":\"/home/marc/amazon/functions/node_modules/firebase-functions/lib/index.js\"}"}}
[debug] [2020-12-25T03:19:44.714Z] [runtime-status] [35269] Checked functions.config() {"config":{}} {"metadata":{"emulator":{"name":"functions"},"function":{"name":"api"},"message":"[runtime-status] [35269] Checked functions.config() {\"config\":{}}"}}
[debug] [2020-12-25T03:19:44.715Z] [runtime-status] [35269] firebase-functions has been stubbed. {"functionsResolution":{"declared":true,"installed":true,"version":"3.13.0","resolution":"/home/marc/amazon/functions/node_modules/firebase-functions/lib/index.js"}} {"metadata":{"emulator":{"name":"functions"},"function":{"name":"api"},"message":"[runtime-status] [35269] firebase-functions has been stubbed. {\"functionsResolution\":{\"declared\":true,\"installed\":true,\"version\":\"3.13.0\",\"resolution\":\"/home/marc/amazon/functions/node_modules/firebase-functions/lib/index.js\"}}"}}
[debug] [2020-12-25T03:19:44.715Z] [runtime-status] [35269] Resolved module firebase-functions {"declared":true,"installed":true,"version":"3.13.0","resolution":"/home/marc/amazon/functions/node_modules/firebase-functions/lib/index.js"} {"metadata":{"emulator":{"name":"functions"},"function":{"name":"api"},"message":"[runtime-status] [35269] Resolved module firebase-functions {\"declared\":true,\"installed\":true,\"version\":\"3.13.0\",\"resolution\":\"/home/marc/amazon/functions/node_modules/firebase-functions/lib/index.js\"}"}}
[debug] [2020-12-25T03:19:44.716Z] [runtime-status] [35269] Resolved module firebase-admin {"declared":true,"installed":true,"version":"9.4.2","resolution":"/home/marc/amazon/functions/node_modules/firebase-admin/lib/index.js"} {"metadata":{"emulator":{"name":"functions"},"function":{"name":"api"},"message":"[runtime-status] [35269] Resolved module firebase-admin {\"declared\":true,\"installed\":true,\"version\":\"9.4.2\",\"resolution\":\"/home/marc/amazon/functions/node_modules/firebase-admin/lib/index.js\"}"}}
[debug] [2020-12-25T03:19:44.717Z] [runtime-status] [35269] Resolved module firebase-functions {"declared":true,"installed":true,"version":"3.13.0","resolution":"/home/marc/amazon/functions/node_modules/firebase-functions/lib/index.js"} {"metadata":{"emulator":{"name":"functions"},"function":{"name":"api"},"message":"[runtime-status] [35269] Resolved module firebase-functions {\"declared\":true,\"installed\":true,\"version\":\"3.13.0\",\"resolution\":\"/home/marc/amazon/functions/node_modules/firebase-functions/lib/index.js\"}"}}
[debug] [2020-12-25T03:19:44.717Z] [runtime-status] [35269] firebase-admin has been stubbed. {"adminResolution":{"declared":true,"installed":true,"version":"9.4.2","resolution":"/home/marc/amazon/functions/node_modules/firebase-admin/lib/index.js"}} {"metadata":{"emulator":{"name":"functions"},"function":{"name":"api"},"message":"[runtime-status] [35269] firebase-admin has been stubbed. {\"adminResolution\":{\"declared\":true,\"installed\":true,\"version\":\"9.4.2\",\"resolution\":\"/home/marc/amazon/functions/node_modules/firebase-admin/lib/index.js\"}}"}}
[debug] [2020-12-25T03:19:45.160Z] [runtime-status] [35269] Trigger "api" has been found, beginning invocation! {"metadata":{"emulator":{"name":"functions"},"function":{"name":"api"},"message":"[runtime-status] [35269] Trigger \"api\" has been found, beginning invocation!"}}
[info] i  functions: Beginning execution of "api" {"metadata":{"emulator":{"name":"functions"},"function":{"name":"api"},"message":"Beginning execution of \"api\""}}
[debug] [2020-12-25T03:19:45.161Z] [runtime-status] [35269] triggerDefinition {"httpsTrigger":{},"name":"api","entryPoint":"api"} {"metadata":{"emulator":{"name":"functions"},"function":{"name":"api"},"message":"[runtime-status] [35269] triggerDefinition {\"httpsTrigger\":{},\"name\":\"api\",\"entryPoint\":\"api\"}"}}
[debug] [2020-12-25T03:19:45.161Z] [runtime-status] [35269] Running api in mode HTTPS {"metadata":{"emulator":{"name":"functions"},"function":{"name":"api"},"message":"[runtime-status] [35269] Running api in mode HTTPS"}}
[debug] [2020-12-25T03:19:45.164Z] [runtime-status] [35269] Attempting to listen to socketPath: /tmp/fire_emu_35269.sock {"metadata":{"emulator":{"name":"functions"},"function":{"name":"api"},"message":"[runtime-status] [35269] Attempting to listen to socketPath: /tmp/fire_emu_35269.sock"}}
[debug] [2020-12-25T03:19:45.171Z] [functions] Runtime ready! Sending request! {"metadata":{"emulator":{"name":"functions"},"message":"[functions] Runtime ready! Sending request!"}}
[debug] [2020-12-25T03:19:45.180Z] [runtime-status] [35269] Ephemeral server handling POST request {"metadata":{"emulator":{"name":"functions"},"function":{"name":"api"},"message":"[runtime-status] [35269] Ephemeral server handling POST request"}}
[info] >  Recibo de pagamento recebido 243900 {"user":"Recibo de pagamento recebido 243900","metadata":{"emulator":{"name":"functions"},"function":{"name":"api"},"message":"\u001b[90m> \u001b[39m Recibo de pagamento recebido 243900"}}
[debug] [2020-12-25T03:19:45.193Z] [runtime-status] [35269] Ephemeral server survived. {"metadata":{"emulator":{"name":"functions"},"function":{"name":"api"},"message":"[runtime-status] [35269] Ephemeral server survived."}}
[info] i  functions: Finished "api" in ~1s {"metadata":{"emulator":{"name":"functions"},"function":{"name":"api"},"message":"Finished \"api\" in ~1s"}}
[debug] [2020-12-25T03:19:46.136Z] [worker-api-e2350c7e-4d43-4c2c-9240-8a28786e4dc0]: IDLE {"metadata":{"emulator":{"name":"functions"},"message":"[worker-api-e2350c7e-4d43-4c2c-9240-8a28786e4dc0]: IDLE"}}
[debug] [2020-12-25T03:19:46.136Z] [work-queue] {"queueLength":0,"workRunningCount":0}
[debug] [2020-12-25T03:20:30.630Z] [work-queue] {"queueLength":1,"workRunningCount":0}
[debug] [2020-12-25T03:20:30.630Z] [work-queue] {"queueLength":0,"workRunningCount":1}
[debug] [2020-12-25T03:20:30.631Z] Accepted request POST /ui-1d15d/us-central1/api/payments/create?total=243900 --> api
[debug] [2020-12-25T03:20:30.631Z] [worker-pool] submitWork(triggerId=api) {"metadata":{"emulator":{"name":"functions"},"message":"[worker-pool] submitWork(triggerId=api)"}}
[debug] [2020-12-25T03:20:30.631Z] [worker-api-e2350c7e-4d43-4c2c-9240-8a28786e4dc0]: Assigning socketPath: /tmp/fire_emu_35269.sock {"metadata":{"emulator":{"name":"functions"},"message":"[worker-api-e2350c7e-4d43-4c2c-9240-8a28786e4dc0]: Assigning socketPath: /tmp/fire_emu_35269.sock"}}
[debug] [2020-12-25T03:20:30.631Z] [worker-api-e2350c7e-4d43-4c2c-9240-8a28786e4dc0]: BUSY {"metadata":{"emulator":{"name":"functions"},"message":"[worker-api-e2350c7e-4d43-4c2c-9240-8a28786e4dc0]: BUSY"}}
[debug] [2020-12-25T03:20:30.632Z] [runtime-status] [35269] Trigger "api" has been found, beginning invocation! {"metadata":{"emulator":{"name":"functions"},"function":{"name":"api"},"message":"[runtime-status] [35269] Trigger \"api\" has been found, beginning invocation!"}}
[info] i  functions: Beginning execution of "api" {"metadata":{"emulator":{"name":"functions"},"function":{"name":"api"},"message":"Beginning execution of \"api\""}}
[debug] [2020-12-25T03:20:30.638Z] [runtime-status] [35269] triggerDefinition {"httpsTrigger":{},"name":"api","entryPoint":"api"} {"metadata":{"emulator":{"name":"functions"},"function":{"name":"api"},"message":"[runtime-status] [35269] triggerDefinition {\"httpsTrigger\":{},\"name\":\"api\",\"entryPoint\":\"api\"}"}}
[debug] [2020-12-25T03:20:30.639Z] [runtime-status] [35269] Running api in mode HTTPS {"metadata":{"emulator":{"name":"functions"},"function":{"name":"api"},"message":"[runtime-status] [35269] Running api in mode HTTPS"}}
[debug] [2020-12-25T03:20:30.639Z] [runtime-status] [35269] Attempting to listen to socketPath: /tmp/fire_emu_35269.sock {"metadata":{"emulator":{"name":"functions"},"function":{"name":"api"},"message":"[runtime-status] [35269] Attempting to listen to socketPath: /tmp/fire_emu_35269.sock"}}
[debug] [2020-12-25T03:20:30.640Z] [functions] Runtime ready! Sending request! {"metadata":{"emulator":{"name":"functions"},"message":"[functions] Runtime ready! Sending request!"}}
[debug] [2020-12-25T03:20:30.655Z] [runtime-status] [35269] Ephemeral server handling POST request {"metadata":{"emulator":{"name":"functions"},"function":{"name":"api"},"message":"[runtime-status] [35269] Ephemeral server handling POST request"}}
[info] >  Recibo de pagamento recebido 243900 {"user":"Recibo de pagamento recebido 243900","metadata":{"emulator":{"name":"functions"},"function":{"name":"api"},"message":"\u001b[90m> \u001b[39m Recibo de pagamento recebido 243900"}}
[debug] [2020-12-25T03:20:30.659Z] [runtime-status] [35269] Ephemeral server survived. {"metadata":{"emulator":{"name":"functions"},"function":{"name":"api"},"message":"[runtime-status] [35269] Ephemeral server survived."}}
[info] i  functions: Finished "api" in ~1s {"metadata":{"emulator":{"name":"functions"},"function":{"name":"api"},"message":"Finished \"api\" in ~1s"}}
[debug] [2020-12-25T03:20:30.985Z] [worker-api-e2350c7e-4d43-4c2c-9240-8a28786e4dc0]: IDLE {"metadata":{"emulator":{"name":"functions"},"message":"[worker-api-e2350c7e-4d43-4c2c-9240-8a28786e4dc0]: IDLE"}}
[debug] [2020-12-25T03:20:30.986Z] [work-queue] {"queueLength":0,"workRunningCount":0}
[debug] [2020-12-25T03:25:08.215Z] [work-queue] {"queueLength":1,"workRunningCount":0}
[debug] [2020-12-25T03:25:08.215Z] [work-queue] {"queueLength":0,"workRunningCount":1}
[debug] [2020-12-25T03:25:08.215Z] Accepted request POST /ui-1d15d/us-central1/api/payments/create?total=528400 --> api
[debug] [2020-12-25T03:25:08.215Z] [worker-pool] submitWork(triggerId=api) {"metadata":{"emulator":{"name":"functions"},"message":"[worker-pool] submitWork(triggerId=api)"}}
[debug] [2020-12-25T03:25:08.216Z] [worker-api-e2350c7e-4d43-4c2c-9240-8a28786e4dc0]: Assigning socketPath: /tmp/fire_emu_35269.sock {"metadata":{"emulator":{"name":"functions"},"message":"[worker-api-e2350c7e-4d43-4c2c-9240-8a28786e4dc0]: Assigning socketPath: /tmp/fire_emu_35269.sock"}}
[debug] [2020-12-25T03:25:08.216Z] [worker-api-e2350c7e-4d43-4c2c-9240-8a28786e4dc0]: BUSY {"metadata":{"emulator":{"name":"functions"},"message":"[worker-api-e2350c7e-4d43-4c2c-9240-8a28786e4dc0]: BUSY"}}
[debug] [2020-12-25T03:25:08.228Z] [runtime-status] [35269] Trigger "api" has been found, beginning invocation! {"metadata":{"emulator":{"name":"functions"},"function":{"name":"api"},"message":"[runtime-status] [35269] Trigger \"api\" has been found, beginning invocation!"}}
[info] i  functions: Beginning execution of "api" {"metadata":{"emulator":{"name":"functions"},"function":{"name":"api"},"message":"Beginning execution of \"api\""}}
[debug] [2020-12-25T03:25:08.229Z] [runtime-status] [35269] triggerDefinition {"httpsTrigger":{},"name":"api","entryPoint":"api"} {"metadata":{"emulator":{"name":"functions"},"function":{"name":"api"},"message":"[runtime-status] [35269] triggerDefinition {\"httpsTrigger\":{},\"name\":\"api\",\"entryPoint\":\"api\"}"}}
[debug] [2020-12-25T03:25:08.229Z] [runtime-status] [35269] Running api in mode HTTPS {"metadata":{"emulator":{"name":"functions"},"function":{"name":"api"},"message":"[runtime-status] [35269] Running api in mode HTTPS"}}
[debug] [2020-12-25T03:25:08.229Z] [runtime-status] [35269] Attempting to listen to socketPath: /tmp/fire_emu_35269.sock {"metadata":{"emulator":{"name":"functions"},"function":{"name":"api"},"message":"[runtime-status] [35269] Attempting to listen to socketPath: /tmp/fire_emu_35269.sock"}}
[debug] [2020-12-25T03:25:08.230Z] [functions] Runtime ready! Sending request! {"metadata":{"emulator":{"name":"functions"},"message":"[functions] Runtime ready! Sending request!"}}
[debug] [2020-12-25T03:25:08.244Z] [runtime-status] [35269] Ephemeral server handling POST request {"metadata":{"emulator":{"name":"functions"},"function":{"name":"api"},"message":"[runtime-status] [35269] Ephemeral server handling POST request"}}
[debug] [2020-12-25T03:25:08.245Z] [runtime-status] [35269] Ephemeral server survived. {"metadata":{"emulator":{"name":"functions"},"function":{"name":"api"},"message":"[runtime-status] [35269] Ephemeral server survived."}}
[info] >  Recibo de pagamento recebido 528400 {"user":"Recibo de pagamento recebido 528400","metadata":{"emulator":{"name":"functions"},"function":{"name":"api"},"message":"\u001b[90m> \u001b[39m Recibo de pagamento recebido 528400"}}
[info] i  functions: Finished "api" in ~1s {"metadata":{"emulator":{"name":"functions"},"function":{"name":"api"},"message":"Finished \"api\" in ~1s"}}
[debug] [2020-12-25T03:25:09.051Z] [worker-api-e2350c7e-4d43-4c2c-9240-8a28786e4dc0]: IDLE {"metadata":{"emulator":{"name":"functions"},"message":"[worker-api-e2350c7e-4d43-4c2c-9240-8a28786e4dc0]: IDLE"}}
[debug] [2020-12-25T03:25:09.051Z] [work-queue] {"queueLength":0,"workRunningCount":0}
[debug] [2020-12-25T03:33:32.292Z] File /home/marc/amazon/functions/index.js changed, reloading triggers {"metadata":{"emulator":{"name":"functions"},"message":"File /home/marc/amazon/functions/index.js changed, reloading triggers"}}
[debug] [2020-12-25T03:33:33.294Z] [worker-pool] Shutting down IDLE worker (~diagnostic~) {"metadata":{"emulator":{"name":"functions"},"message":"[worker-pool] Shutting down IDLE worker (~diagnostic~)"}}
[debug] [2020-12-25T03:33:33.294Z] [worker-~diagnostic~-07037d3c-7370-499a-b617-d3f8d4ffa2b0]: FINISHING {"metadata":{"emulator":{"name":"functions"},"message":"[worker-~diagnostic~-07037d3c-7370-499a-b617-d3f8d4ffa2b0]: FINISHING"}}
[debug] [2020-12-25T03:33:33.294Z] [worker-pool] Shutting down IDLE worker (api) {"metadata":{"emulator":{"name":"functions"},"message":"[worker-pool] Shutting down IDLE worker (api)"}}
[debug] [2020-12-25T03:33:33.294Z] [worker-api-e2350c7e-4d43-4c2c-9240-8a28786e4dc0]: FINISHING {"metadata":{"emulator":{"name":"functions"},"message":"[worker-api-e2350c7e-4d43-4c2c-9240-8a28786e4dc0]: FINISHING"}}
[debug] [2020-12-25T03:33:33.311Z] [worker-pool] addWorker(~diagnostic~) {"metadata":{"emulator":{"name":"functions"},"message":"[worker-pool] addWorker(~diagnostic~)"}}
[debug] [2020-12-25T03:33:33.311Z] [worker-pool] Adding worker with key ~diagnostic~, total=2 {"metadata":{"emulator":{"name":"functions"},"message":"[worker-pool] Adding worker with key ~diagnostic~, total=2"}}
[debug] [2020-12-25T03:33:33.311Z] [worker-pool] submitWork(triggerId=) {"metadata":{"emulator":{"name":"functions"},"message":"[worker-pool] submitWork(triggerId=)"}}
[debug] [2020-12-25T03:33:33.311Z] [worker-~diagnostic~-4d2677d7-e3e7-41ac-b43d-4142533aa560]: Assigning socketPath: /tmp/fire_emu_35639.sock {"metadata":{"emulator":{"name":"functions"},"message":"[worker-~diagnostic~-4d2677d7-e3e7-41ac-b43d-4142533aa560]: Assigning socketPath: /tmp/fire_emu_35639.sock"}}
[debug] [2020-12-25T03:33:33.312Z] [worker-~diagnostic~-4d2677d7-e3e7-41ac-b43d-4142533aa560]: BUSY {"metadata":{"emulator":{"name":"functions"},"message":"[worker-~diagnostic~-4d2677d7-e3e7-41ac-b43d-4142533aa560]: BUSY"}}
[debug] [2020-12-25T03:33:33.313Z] [worker-~diagnostic~-07037d3c-7370-499a-b617-d3f8d4ffa2b0]: exited {"metadata":{"emulator":{"name":"functions"},"message":"[worker-~diagnostic~-07037d3c-7370-499a-b617-d3f8d4ffa2b0]: exited"}}
[debug] [2020-12-25T03:33:33.313Z] [worker-~diagnostic~-07037d3c-7370-499a-b617-d3f8d4ffa2b0]: FINISHED {"metadata":{"emulator":{"name":"functions"},"message":"[worker-~diagnostic~-07037d3c-7370-499a-b617-d3f8d4ffa2b0]: FINISHED"}}
[debug] [2020-12-25T03:33:33.313Z] [worker-api-e2350c7e-4d43-4c2c-9240-8a28786e4dc0]: exited {"metadata":{"emulator":{"name":"functions"},"message":"[worker-api-e2350c7e-4d43-4c2c-9240-8a28786e4dc0]: exited"}}
[debug] [2020-12-25T03:33:33.313Z] [worker-api-e2350c7e-4d43-4c2c-9240-8a28786e4dc0]: FINISHED {"metadata":{"emulator":{"name":"functions"},"message":"[worker-api-e2350c7e-4d43-4c2c-9240-8a28786e4dc0]: FINISHED"}}
[debug] [2020-12-25T03:33:34.602Z] [runtime-status] [35639] Functions runtime initialized. {"cwd":"/home/marc/amazon/functions","node_version":"12.18.3"} {"metadata":{"emulator":{"name":"functions"},"message":"[runtime-status] [35639] Functions runtime initialized. {\"cwd\":\"/home/marc/amazon/functions\",\"node_version\":\"12.18.3\"}"}}
[debug] [2020-12-25T03:33:34.604Z] [runtime-status] [35639] Disabled runtime features: undefined {"metadata":{"emulator":{"name":"functions"},"message":"[runtime-status] [35639] Disabled runtime features: undefined"}}
[debug] [2020-12-25T03:33:34.607Z] [runtime-status] [35639] Resolved module firebase-admin {"declared":true,"installed":true,"version":"9.4.2","resolution":"/home/marc/amazon/functions/node_modules/firebase-admin/lib/index.js"} {"metadata":{"emulator":{"name":"functions"},"message":"[runtime-status] [35639] Resolved module firebase-admin {\"declared\":true,\"installed\":true,\"version\":\"9.4.2\",\"resolution\":\"/home/marc/amazon/functions/node_modules/firebase-admin/lib/index.js\"}"}}
[debug] [2020-12-25T03:33:34.608Z] [runtime-status] [35639] Resolved module firebase-functions {"declared":true,"installed":true,"version":"3.13.0","resolution":"/home/marc/amazon/functions/node_modules/firebase-functions/lib/index.js"} {"metadata":{"emulator":{"name":"functions"},"message":"[runtime-status] [35639] Resolved module firebase-functions {\"declared\":true,\"installed\":true,\"version\":\"3.13.0\",\"resolution\":\"/home/marc/amazon/functions/node_modules/firebase-functions/lib/index.js\"}"}}
[debug] [2020-12-25T03:33:34.609Z] [runtime-status] [35639] Resolved module firebase-functions {"declared":true,"installed":true,"version":"3.13.0","resolution":"/home/marc/amazon/functions/node_modules/firebase-functions/lib/index.js"} {"metadata":{"emulator":{"name":"functions"},"message":"[runtime-status] [35639] Resolved module firebase-functions {\"declared\":true,\"installed\":true,\"version\":\"3.13.0\",\"resolution\":\"/home/marc/amazon/functions/node_modules/firebase-functions/lib/index.js\"}"}}
[debug] [2020-12-25T03:33:34.610Z] [runtime-status] [35639] Outgoing network have been stubbed. [{"name":"http","status":"mocked"},{"name":"http","status":"mocked"},{"name":"https","status":"mocked"},{"name":"https","status":"mocked"},{"name":"net","status":"mocked"}] {"metadata":{"emulator":{"name":"functions"},"message":"[runtime-status] [35639] Outgoing network have been stubbed. [{\"name\":\"http\",\"status\":\"mocked\"},{\"name\":\"http\",\"status\":\"mocked\"},{\"name\":\"https\",\"status\":\"mocked\"},{\"name\":\"https\",\"status\":\"mocked\"},{\"name\":\"net\",\"status\":\"mocked\"}]"}}
[debug] [2020-12-25T03:33:34.612Z] [runtime-status] [35639] Resolved module firebase-functions {"declared":true,"installed":true,"version":"3.13.0","resolution":"/home/marc/amazon/functions/node_modules/firebase-functions/lib/index.js"} {"metadata":{"emulator":{"name":"functions"},"message":"[runtime-status] [35639] Resolved module firebase-functions {\"declared\":true,\"installed\":true,\"version\":\"3.13.0\",\"resolution\":\"/home/marc/amazon/functions/node_modules/firebase-functions/lib/index.js\"}"}}
[debug] [2020-12-25T03:33:34.914Z] [runtime-status] [35639] Checked functions.config() {"config":{}} {"metadata":{"emulator":{"name":"functions"},"message":"[runtime-status] [35639] Checked functions.config() {\"config\":{}}"}}
[debug] [2020-12-25T03:33:34.914Z] [runtime-status] [35639] firebase-functions has been stubbed. {"functionsResolution":{"declared":true,"installed":true,"version":"3.13.0","resolution":"/home/marc/amazon/functions/node_modules/firebase-functions/lib/index.js"}} {"metadata":{"emulator":{"name":"functions"},"message":"[runtime-status] [35639] firebase-functions has been stubbed. {\"functionsResolution\":{\"declared\":true,\"installed\":true,\"version\":\"3.13.0\",\"resolution\":\"/home/marc/amazon/functions/node_modules/firebase-functions/lib/index.js\"}}"}}
[debug] [2020-12-25T03:33:34.916Z] [runtime-status] [35639] Resolved module firebase-functions {"declared":true,"installed":true,"version":"3.13.0","resolution":"/home/marc/amazon/functions/node_modules/firebase-functions/lib/index.js"} {"metadata":{"emulator":{"name":"functions"},"message":"[runtime-status] [35639] Resolved module firebase-functions {\"declared\":true,\"installed\":true,\"version\":\"3.13.0\",\"resolution\":\"/home/marc/amazon/functions/node_modules/firebase-functions/lib/index.js\"}"}}
[debug] [2020-12-25T03:33:34.917Z] [runtime-status] [35639] Resolved module firebase-admin {"declared":true,"installed":true,"version":"9.4.2","resolution":"/home/marc/amazon/functions/node_modules/firebase-admin/lib/index.js"} {"metadata":{"emulator":{"name":"functions"},"message":"[runtime-status] [35639] Resolved module firebase-admin {\"declared\":true,\"installed\":true,\"version\":\"9.4.2\",\"resolution\":\"/home/marc/amazon/functions/node_modules/firebase-admin/lib/index.js\"}"}}
[debug] [2020-12-25T03:33:34.917Z] [runtime-status] [35639] Resolved module firebase-functions {"declared":true,"installed":true,"version":"3.13.0","resolution":"/home/marc/amazon/functions/node_modules/firebase-functions/lib/index.js"} {"metadata":{"emulator":{"name":"functions"},"message":"[runtime-status] [35639] Resolved module firebase-functions {\"declared\":true,\"installed\":true,\"version\":\"3.13.0\",\"resolution\":\"/home/marc/amazon/functions/node_modules/firebase-functions/lib/index.js\"}"}}
[debug] [2020-12-25T03:33:34.917Z] [runtime-status] [35639] firebase-admin has been stubbed. {"adminResolution":{"declared":true,"installed":true,"version":"9.4.2","resolution":"/home/marc/amazon/functions/node_modules/firebase-admin/lib/index.js"}} {"metadata":{"emulator":{"name":"functions"},"message":"[runtime-status] [35639] firebase-admin has been stubbed. {\"adminResolution\":{\"declared\":true,\"installed\":true,\"version\":\"9.4.2\",\"resolution\":\"/home/marc/amazon/functions/node_modules/firebase-admin/lib/index.js\"}}"}}
[debug] [2020-12-25T03:33:35.839Z] [worker-~diagnostic~-4d2677d7-e3e7-41ac-b43d-4142533aa560]: IDLE {"metadata":{"emulator":{"name":"functions"},"message":"[worker-~diagnostic~-4d2677d7-e3e7-41ac-b43d-4142533aa560]: IDLE"}}
[debug] [2020-12-25T03:33:57.558Z] [work-queue] {"queueLength":1,"workRunningCount":0}
[debug] [2020-12-25T03:33:57.559Z] [work-queue] {"queueLength":0,"workRunningCount":1}
[debug] [2020-12-25T03:33:57.559Z] Accepted request POST /ui-1d15d/us-central1/api/payments/create?total=243900 --> api
[debug] [2020-12-25T03:33:57.559Z] [worker-pool] Cleaned up workers for ~diagnostic~: 2 --> 1 {"metadata":{"emulator":{"name":"functions"},"message":"[worker-pool] Cleaned up workers for ~diagnostic~: 2 --> 1"}}
[debug] [2020-12-25T03:33:57.559Z] [worker-pool] Cleaned up workers for api: 1 --> 0 {"metadata":{"emulator":{"name":"functions"},"message":"[worker-pool] Cleaned up workers for api: 1 --> 0"}}
[debug] [2020-12-25T03:33:57.597Z] [worker-pool] addWorker(api) {"metadata":{"emulator":{"name":"functions"},"message":"[worker-pool] addWorker(api)"}}
[debug] [2020-12-25T03:33:57.597Z] [worker-pool] Adding worker with key api, total=1 {"metadata":{"emulator":{"name":"functions"},"message":"[worker-pool] Adding worker with key api, total=1"}}
[debug] [2020-12-25T03:33:57.597Z] [worker-pool] submitWork(triggerId=api) {"metadata":{"emulator":{"name":"functions"},"message":"[worker-pool] submitWork(triggerId=api)"}}
[debug] [2020-12-25T03:33:57.597Z] [worker-api-b6c24fe6-de74-4b41-ad80-b55fa0a891db]: Assigning socketPath: /tmp/fire_emu_35728.sock {"metadata":{"emulator":{"name":"functions"},"message":"[worker-api-b6c24fe6-de74-4b41-ad80-b55fa0a891db]: Assigning socketPath: /tmp/fire_emu_35728.sock"}}
[debug] [2020-12-25T03:33:57.597Z] [worker-api-b6c24fe6-de74-4b41-ad80-b55fa0a891db]: BUSY {"metadata":{"emulator":{"name":"functions"},"message":"[worker-api-b6c24fe6-de74-4b41-ad80-b55fa0a891db]: BUSY"}}
[debug] [2020-12-25T03:33:57.862Z] [runtime-status] [35728] Functions runtime initialized. {"cwd":"/home/marc/amazon/functions","node_version":"12.18.3"} {"metadata":{"emulator":{"name":"functions"},"function":{"name":"api"},"message":"[runtime-status] [35728] Functions runtime initialized. {\"cwd\":\"/home/marc/amazon/functions\",\"node_version\":\"12.18.3\"}"}}
[debug] [2020-12-25T03:33:57.865Z] [runtime-status] [35728] Disabled runtime features: undefined {"metadata":{"emulator":{"name":"functions"},"function":{"name":"api"},"message":"[runtime-status] [35728] Disabled runtime features: undefined"}}
[debug] [2020-12-25T03:33:57.866Z] [runtime-status] [35728] Resolved module firebase-admin {"declared":true,"installed":true,"version":"9.4.2","resolution":"/home/marc/amazon/functions/node_modules/firebase-admin/lib/index.js"} {"metadata":{"emulator":{"name":"functions"},"function":{"name":"api"},"message":"[runtime-status] [35728] Resolved module firebase-admin {\"declared\":true,\"installed\":true,\"version\":\"9.4.2\",\"resolution\":\"/home/marc/amazon/functions/node_modules/firebase-admin/lib/index.js\"}"}}
[debug] [2020-12-25T03:33:57.868Z] [runtime-status] [35728] Resolved module firebase-functions {"declared":true,"installed":true,"version":"3.13.0","resolution":"/home/marc/amazon/functions/node_modules/firebase-functions/lib/index.js"} {"metadata":{"emulator":{"name":"functions"},"function":{"name":"api"},"message":"[runtime-status] [35728] Resolved module firebase-functions {\"declared\":true,\"installed\":true,\"version\":\"3.13.0\",\"resolution\":\"/home/marc/amazon/functions/node_modules/firebase-functions/lib/index.js\"}"}}
[debug] [2020-12-25T03:33:57.872Z] [runtime-status] [35728] Resolved module firebase-functions {"declared":true,"installed":true,"version":"3.13.0","resolution":"/home/marc/amazon/functions/node_modules/firebase-functions/lib/index.js"} {"metadata":{"emulator":{"name":"functions"},"function":{"name":"api"},"message":"[runtime-status] [35728] Resolved module firebase-functions {\"declared\":true,\"installed\":true,\"version\":\"3.13.0\",\"resolution\":\"/home/marc/amazon/functions/node_modules/firebase-functions/lib/index.js\"}"}}
[debug] [2020-12-25T03:33:57.872Z] [runtime-status] [35728] Outgoing network have been stubbed. [{"name":"http","status":"mocked"},{"name":"http","status":"mocked"},{"name":"https","status":"mocked"},{"name":"https","status":"mocked"},{"name":"net","status":"mocked"}] {"metadata":{"emulator":{"name":"functions"},"function":{"name":"api"},"message":"[runtime-status] [35728] Outgoing network have been stubbed. [{\"name\":\"http\",\"status\":\"mocked\"},{\"name\":\"http\",\"status\":\"mocked\"},{\"name\":\"https\",\"status\":\"mocked\"},{\"name\":\"https\",\"status\":\"mocked\"},{\"name\":\"net\",\"status\":\"mocked\"}]"}}
[debug] [2020-12-25T03:33:57.872Z] [runtime-status] [35728] Resolved module firebase-functions {"declared":true,"installed":true,"version":"3.13.0","resolution":"/home/marc/amazon/functions/node_modules/firebase-functions/lib/index.js"} {"metadata":{"emulator":{"name":"functions"},"function":{"name":"api"},"message":"[runtime-status] [35728] Resolved module firebase-functions {\"declared\":true,\"installed\":true,\"version\":\"3.13.0\",\"resolution\":\"/home/marc/amazon/functions/node_modules/firebase-functions/lib/index.js\"}"}}
[debug] [2020-12-25T03:33:57.923Z] [runtime-status] [35728] Checked functions.config() {"config":{}} {"metadata":{"emulator":{"name":"functions"},"function":{"name":"api"},"message":"[runtime-status] [35728] Checked functions.config() {\"config\":{}}"}}
[debug] [2020-12-25T03:33:57.923Z] [runtime-status] [35728] firebase-functions has been stubbed. {"functionsResolution":{"declared":true,"installed":true,"version":"3.13.0","resolution":"/home/marc/amazon/functions/node_modules/firebase-functions/lib/index.js"}} {"metadata":{"emulator":{"name":"functions"},"function":{"name":"api"},"message":"[runtime-status] [35728] firebase-functions has been stubbed. {\"functionsResolution\":{\"declared\":true,\"installed\":true,\"version\":\"3.13.0\",\"resolution\":\"/home/marc/amazon/functions/node_modules/firebase-functions/lib/index.js\"}}"}}
[debug] [2020-12-25T03:33:57.924Z] [runtime-status] [35728] Resolved module firebase-functions {"declared":true,"installed":true,"version":"3.13.0","resolution":"/home/marc/amazon/functions/node_modules/firebase-functions/lib/index.js"} {"metadata":{"emulator":{"name":"functions"},"function":{"name":"api"},"message":"[runtime-status] [35728] Resolved module firebase-functions {\"declared\":true,\"installed\":true,\"version\":\"3.13.0\",\"resolution\":\"/home/marc/amazon/functions/node_modules/firebase-functions/lib/index.js\"}"}}
[debug] [2020-12-25T03:33:57.925Z] [runtime-status] [35728] Resolved module firebase-admin {"declared":true,"installed":true,"version":"9.4.2","resolution":"/home/marc/amazon/functions/node_modules/firebase-admin/lib/index.js"} {"metadata":{"emulator":{"name":"functions"},"function":{"name":"api"},"message":"[runtime-status] [35728] Resolved module firebase-admin {\"declared\":true,\"installed\":true,\"version\":\"9.4.2\",\"resolution\":\"/home/marc/amazon/functions/node_modules/firebase-admin/lib/index.js\"}"}}
[debug] [2020-12-25T03:33:57.925Z] [runtime-status] [35728] Resolved module firebase-functions {"declared":true,"installed":true,"version":"3.13.0","resolution":"/home/marc/amazon/functions/node_modules/firebase-functions/lib/index.js"} {"metadata":{"emulator":{"name":"functions"},"function":{"name":"api"},"message":"[runtime-status] [35728] Resolved module firebase-functions {\"declared\":true,\"installed\":true,\"version\":\"3.13.0\",\"resolution\":\"/home/marc/amazon/functions/node_modules/firebase-functions/lib/index.js\"}"}}
[debug] [2020-12-25T03:33:57.926Z] [runtime-status] [35728] firebase-admin has been stubbed. {"adminResolution":{"declared":true,"installed":true,"version":"9.4.2","resolution":"/home/marc/amazon/functions/node_modules/firebase-admin/lib/index.js"}} {"metadata":{"emulator":{"name":"functions"},"function":{"name":"api"},"message":"[runtime-status] [35728] firebase-admin has been stubbed. {\"adminResolution\":{\"declared\":true,\"installed\":true,\"version\":\"9.4.2\",\"resolution\":\"/home/marc/amazon/functions/node_modules/firebase-admin/lib/index.js\"}}"}}
[debug] [2020-12-25T03:33:58.031Z] [runtime-status] [35728] Trigger "api" has been found, beginning invocation! {"metadata":{"emulator":{"name":"functions"},"function":{"name":"api"},"message":"[runtime-status] [35728] Trigger \"api\" has been found, beginning invocation!"}}
[info] i  functions: Beginning execution of "api" {"metadata":{"emulator":{"name":"functions"},"function":{"name":"api"},"message":"Beginning execution of \"api\""}}
[debug] [2020-12-25T03:33:58.032Z] [runtime-status] [35728] triggerDefinition {"httpsTrigger":{},"name":"api","entryPoint":"api"} {"metadata":{"emulator":{"name":"functions"},"function":{"name":"api"},"message":"[runtime-status] [35728] triggerDefinition {\"httpsTrigger\":{},\"name\":\"api\",\"entryPoint\":\"api\"}"}}
[debug] [2020-12-25T03:33:58.032Z] [runtime-status] [35728] Running api in mode HTTPS {"metadata":{"emulator":{"name":"functions"},"function":{"name":"api"},"message":"[runtime-status] [35728] Running api in mode HTTPS"}}
[debug] [2020-12-25T03:33:58.037Z] [runtime-status] [35728] Attempting to listen to socketPath: /tmp/fire_emu_35728.sock {"metadata":{"emulator":{"name":"functions"},"function":{"name":"api"},"message":"[runtime-status] [35728] Attempting to listen to socketPath: /tmp/fire_emu_35728.sock"}}
[debug] [2020-12-25T03:33:58.108Z] [functions] Runtime ready! Sending request! {"metadata":{"emulator":{"name":"functions"},"message":"[functions] Runtime ready! Sending request!"}}
[debug] [2020-12-25T03:33:58.296Z] [runtime-status] [35728] Ephemeral server handling POST request {"metadata":{"emulator":{"name":"functions"},"function":{"name":"api"},"message":"[runtime-status] [35728] Ephemeral server handling POST request"}}
[info] >  Recibo de pagamento recebido 243900 {"user":"Recibo de pagamento recebido 243900","metadata":{"emulator":{"name":"functions"},"function":{"name":"api"},"message":"\u001b[90m> \u001b[39m Recibo de pagamento recebido 243900"}}
[debug] [2020-12-25T03:33:58.436Z] [runtime-status] [35728] Ephemeral server survived. {"metadata":{"emulator":{"name":"functions"},"function":{"name":"api"},"message":"[runtime-status] [35728] Ephemeral server survived."}}
[info] i  functions: Finished "api" in ~1s {"metadata":{"emulator":{"name":"functions"},"function":{"name":"api"},"message":"Finished \"api\" in ~1s"}}
[debug] [2020-12-25T03:33:59.589Z] [worker-api-b6c24fe6-de74-4b41-ad80-b55fa0a891db]: IDLE {"metadata":{"emulator":{"name":"functions"},"message":"[worker-api-b6c24fe6-de74-4b41-ad80-b55fa0a891db]: IDLE"}}
[debug] [2020-12-25T03:33:59.590Z] [work-queue] {"queueLength":0,"workRunningCount":0}
